{"meta": {"format": 3, "version": "7.10.7", "timestamp": "2026-06-06T18:38:51.572295", "branch_coverage": false, "show_contexts": false}, "files": {"src/api/cli.py": {"executed_lines": [1, 15, 17, 18, 19, 20, 22, 24, 25, 26, 28, 31, 37, 41, 43, 45, 47, 49, 51, 53, 55, 57, 58, 59, 62, 70, 71, 72, 73, 74, 75, 79, 80, 83, 90, 93, 94, 95, 96, 97, 98, 101, 102, 103, 104, 106, 107, 108, 109, 110, 111, 112, 113, 115, 116, 118, 119, 120, 122, 123, 124, 125, 126, 127, 129, 130, 133, 134, 135, 136, 137, 146], "summary": {"covered_lines": 71, "num_statements": 78, "percent_covered": 91.02564102564102, "percent_covered_display": "91", "missing_lines": 7, "excluded_lines": 1}, "missing_lines": [99, 139, 140, 141, 142, 143, 144], "excluded_lines": [91], "functions": {"_parse_args": {"executed_lines": [37, 41, 43, 45, 47, 49, 51, 53, 55, 57, 58, 59], "summary": {"covered_lines": 12, "num_statements": 12, "percent_covered": 100.0, "percent_covered_display": "100", "missing_lines": 0, "excluded_lines": 0}, "missing_lines": [], "excluded_lines": []}, "_synthesize_text": {"executed_lines": [70, 71, 72, 73, 74, 75, 79, 80], "summary": {"covered_lines": 8, "num_statements": 8, "percent_covered": 100.0, "percent_covered_display": "100", "missing_lines": 0, "excluded_lines": 0}, "missing_lines": [], "excluded_lines": []}, "main": {"executed_lines": [90, 93, 94, 95, 96, 97, 98, 101, 102, 103, 104, 106, 107, 108, 109, 110, 111, 112, 113, 115, 116, 118, 119, 120, 122, 123, 124, 125, 126, 127, 129, 130, 133, 134, 135, 136, 137, 146], "summary": {"covered_lines": 38, "num_statements": 45, "percent_covered": 84.44444444444444, "percent_covered_display": "84", "missing_lines": 7, "excluded_lines": 1}, "missing_lines": [99, 139, 140, 141, 142, 143, 144], "excluded_lines": [91]}, "": {"executed_lines": [1, 15, 17, 18, 19, 20, 22, 24, 25, 26, 28, 31, 62, 83], "summary": {"covered_lines": 13, "num_statements": 13, "percent_covered": 100.0, "percent_covered_display": "100", "missing_lines": 0, "excluded_lines": 0}, "missing_lines": [], "excluded_lines": []}}, "classes": {"": {"executed_lines": [1, 15, 17, 18, 19, 20, 22, 24, 25, 26, 28, 31, 37, 41, 43, 45, 47, 49, 51, 53, 55, 57, 58, 59, 62, 70, 71, 72, 73, 74, 75, 79, 80, 83, 90, 93, 94, 95, 96, 97, 98, 101, 102, 103, 104, 106, 107, 108, 109, 110, 111, 112, 113, 115, 116, 118, 119, 120, 122, 123, 124, 125, 126, 127, 129, 130, 133, 134, 135, 136, 137, 146], "summary": {"covered_lines": 71, "num_statements": 78, "percent_covered": 91.02564102564102, "percent_covered_display": "91", "missing_lines": 7, "excluded_lines": 1}, "missing_lines": [99, 139, 140, 141, 142, 143, 144], "excluded_lines": [91]}}}, "src/api/cli_logging.py": {"executed_lines": [1, 7, 9, 12, 14, 17, 24, 26, 30, 31], "summary": {"covered_lines": 9, "num_statements": 15, "percent_covered": 60.0, "percent_covered_display": "60", "missing_lines": 6, "excluded_lines": 0}, "missing_lines": [19, 20, 21, 27, 28, 29], "excluded_lines": [], "functions": {"log_cli_event": {"executed_lines": [14], "summary": {"covered_lines": 1, "num_statements": 1, "percent_covered": 100.0, "percent_covered_display": "100", "missing_lines": 0, "excluded_lines": 0}, "missing_lines": [], "excluded_lines": []}, "format_cli_error": {"executed_lines": [], "summary": {"covered_lines": 0, "num_statements": 3, "percent_covered": 0.0, "percent_covered_display": "0", "missing_lines": 3, "excluded_lines": 0}, "missing_lines": [19, 20, 21], "excluded_lines": []}, "validate_backend_url": {"executed_lines": [26, 30, 31], "summary": {"covered_lines": 3, "num_statements": 6, "percent_covered": 50.0, "percent_covered_display": "50", "missing_lines": 3, "excluded_lines": 0}, "missing_lines": [27, 28, 29], "excluded_lines": []}, "": {"executed_lines": [1, 7, 9, 12, 17, 24], "summary": {"covered_lines": 5, "num_statements": 5, "percent_covered": 100.0, "percent_covered_display": "100", "missing_lines": 0, "excluded_lines": 0}, "missing_lines": [], "excluded_lines": []}}, "classes": {"": {"executed_lines": [1, 7, 9, 12, 14, 17, 24, 26, 30, 31], "summary": {"covered_lines": 9, "num_statements": 15, "percent_covered": 60.0, "percent_covered_display": "60", "missing_lines": 6, "excluded_lines": 0}, "missing_lines": [19, 20, 21, 27, 28, 29], "excluded_lines": []}}}, "src/api/main.py": {"executed_lines": [1, 24, 26, 27, 28, 30, 31, 33, 34, 35, 36, 38, 43, 44, 60, 65, 66, 67, 71, 73, 74, 76, 77, 84, 87], "summary": {"covered_lines": 20, "num_statements": 22, "percent_covered": 90.9090909090909, "percent_covered_display": "91", "missing_lines": 2, "excluded_lines": 22}, "missing_lines": [68, 69], "excluded_lines": [43, 44, 45, 46, 47, 48, 49, 50, 51, 52, 53, 54, 55, 56, 57, 76, 77, 78, 79, 80, 81, 82], "functions": {"lifespan": {"executed_lines": [], "summary": {"covered_lines": 0, "num_statements": 0, "percent_covered": 100.0, "percent_covered_display": "100", "missing_lines": 0, "excluded_lines": 13}, "missing_lines": [], "excluded_lines": [45, 46, 47, 48, 49, 50, 51, 52, 53, 54, 55, 56, 57]}, "create_app": {"executed_lines": [65, 66, 67, 71, 73, 74, 76, 77, 84], "summary": {"covered_lines": 7, "num_statements": 9, "percent_covered": 77.77777777777777, "percent_covered_display": "78", "missing_lines": 2, "excluded_lines": 4}, "missing_lines": [68, 69], "excluded_lines": [76, 77, 78, 79]}, "create_app.global_exception_handler": {"executed_lines": [], "summary": {"covered_lines": 0, "num_statements": 0, "percent_covered": 100.0, "percent_covered_display": "100", "missing_lines": 0, "excluded_lines": 3}, "missing_lines": [], "excluded_lines": [80, 81, 82]}, "": {"executed_lines": [1, 24, 26, 27, 28, 30, 31, 33, 34, 35, 36, 38, 43, 44, 60, 87], "summary": {"covered_lines": 13, "num_statements": 13, "percent_covered": 100.0, "percent_covered_display": "100", "missing_lines": 0, "excluded_lines": 2}, "missing_lines": [], "excluded_lines": [43, 44]}}, "classes": {"": {"executed_lines": [1, 24, 26, 27, 28, 30, 31, 33, 34, 35, 36, 38, 43, 44, 60, 65, 66, 67, 71, 73, 74, 76, 77, 84, 87], "summary": {"covered_lines": 20, "num_statements": 22, "percent_covered": 90.9090909090909, "percent_covered_display": "91", "missing_lines": 2, "excluded_lines": 22}, "missing_lines": [68, 69], "excluded_lines": [43, 44, 45, 46, 47, 48, 49, 50, 51, 52, 53, 54, 55, 56, 57, 76, 77, 78, 79, 80, 81, 82]}}}, "src/api/speech_router.py": {"executed_lines": [1, 18, 20, 22, 23, 25, 26, 27, 28, 29, 31, 33, 35, 38, 39, 44, 45, 46, 48, 50, 51, 52, 55, 57, 58, 59, 60, 61, 62, 63, 64, 65, 67, 68, 69, 70, 71, 72, 73, 75, 76], "summary": {"covered_lines": 40, "num_statements": 42, "percent_covered": 95.23809523809524, "percent_covered_display": "95", "missing_lines": 2, "excluded_lines": 0}, "missing_lines": [53, 54], "excluded_lines": [], "functions": {"post_speech": {"executed_lines": [44, 45, 46, 48, 50, 57, 58, 59, 60, 61, 62, 63, 64, 65, 67, 68, 69, 70, 71, 72, 73, 75, 76], "summary": {"covered_lines": 23, "num_statements": 23, "percent_covered": 100.0, "percent_covered_display": "100", "missing_lines": 0, "excluded_lines": 0}, "missing_lines": [], "excluded_lines": []}, "post_speech._synthesize": {"executed_lines": [51, 52, 55], "summary": {"covered_lines": 3, "num_statements": 5, "percent_covered": 60.0, "percent_covered_display": "60", "missing_lines": 2, "excluded_lines": 0}, "missing_lines": [53, 54], "excluded_lines": []}, "": {"executed_lines": [1, 18, 20, 22, 23, 25, 26, 27, 28, 29, 31, 33, 35, 38, 39], "summary": {"covered_lines": 14, "num_statements": 14, "percent_covered": 100.0, "percent_covered_display": "100", "missing_lines": 0, "excluded_lines": 0}, "missing_lines": [], "excluded_lines": []}}, "classes": {"": {"executed_lines": [1, 18, 20, 22, 23, 25, 26, 27, 28, 29, 31, 33, 35, 38, 39, 44, 45, 46, 48, 50, 51, 52, 55, 57, 58, 59, 60, 61, 62, 63, 64, 65, 67, 68, 69, 70, 71, 72, 73, 75, 76], "summary": {"covered_lines": 40, "num_statements": 42, "percent_covered": 95.23809523809524, "percent_covered_display": "95", "missing_lines": 2, "excluded_lines": 0}, "missing_lines": [53, 54], "excluded_lines": []}}}, "src/api/utils.py": {"executed_lines": [1, 2, 4, 5, 7, 13, 15, 18, 24, 25, 26, 27, 30, 32, 35, 42, 43, 44], "summary": {"covered_lines": 17, "num_statements": 19, "percent_covered": 89.47368421052632, "percent_covered_display": "89", "missing_lines": 2, "excluded_lines": 0}, "missing_lines": [29, 31], "excluded_lines": [], "functions": {"sanitize_log_extra": {"executed_lines": [24, 25, 26, 27, 30, 32], "summary": {"covered_lines": 6, "num_statements": 8, "percent_covered": 75.0, "percent_covered_display": "75", "missing_lines": 2, "excluded_lines": 0}, "missing_lines": [29, 31], "excluded_lines": []}, "build_error_response": {"executed_lines": [42, 43, 44], "summary": {"covered_lines": 3, "num_statements": 3, "percent_covered": 100.0, "percent_covered_display": "100", "missing_lines": 0, "excluded_lines": 0}, "missing_lines": [], "excluded_lines": []}, "": {"executed_lines": [1, 2, 4, 5, 7, 13, 15, 18, 35], "summary": {"covered_lines": 8, "num_statements": 8, "percent_covered": 100.0, "percent_covered_display": "100", "missing_lines": 0, "excluded_lines": 0}, "missing_lines": [], "excluded_lines": []}}, "classes": {"": {"executed_lines": [1, 2, 4, 5, 7, 13, 15, 18, 24, 25, 26, 27, 30, 32, 35, 42, 43, 44], "summary": {"covered_lines": 17, "num_statements": 19, "percent_covered": 89.47368421052632, "percent_covered_display": "89", "missing_lines": 2, "excluded_lines": 0}, "missing_lines": [29, 31], "excluded_lines": []}}}, "src/engines/ssml_parser.py": {"executed_lines": [1, 33, 35, 36, 37, 38, 39, 41, 43, 47, 51, 54, 61, 64, 69, 70, 71, 76, 77, 78, 79, 82, 83, 84, 92, 93, 94, 97, 102, 103, 104, 105, 106, 107, 108, 109, 112, 119, 122, 130, 131, 132, 133, 134, 135, 138, 140, 141, 142, 143, 145, 146, 147, 148, 149, 150, 151, 152, 154, 155, 156, 157, 158, 159, 160, 161, 162, 163, 164, 167, 170, 172, 173, 174, 175, 178, 188, 190, 191, 192, 193, 194, 195, 196, 197, 198, 199, 200, 202, 203, 204, 205, 206, 207, 208, 209, 210, 211, 212, 213, 217, 218, 219, 220, 221, 222, 223, 224, 225, 226, 227, 229, 230, 231, 232, 234, 235, 236, 237, 238, 239, 240, 241, 242, 243, 244, 245, 246, 248, 249, 250, 251, 253, 255, 256, 257, 258, 260, 261, 262, 263, 264, 266, 267, 268, 269, 273, 274, 275, 276, 277, 278, 279, 280, 281, 282, 283, 284, 287, 293, 294, 295, 309, 320, 321, 330, 331, 332, 333, 338, 339, 345, 346, 347, 350, 351, 352, 354, 355, 357, 358, 359, 361, 368], "summary": {"covered_lines": 181, "num_statements": 181, "percent_covered": 100.0, "percent_covered_display": "100", "missing_lines": 0, "excluded_lines": 0}, "missing_lines": [], "excluded_lines": [], "functions": {"_parse_break_time": {"executed_lines": [102, 103, 104, 105, 106, 107, 108, 109], "summary": {"covered_lines": 8, "num_statements": 8, "percent_covered": 100.0, "percent_covered_display": "100", "missing_lines": 0, "excluded_lines": 0}, "missing_lines": [], "excluded_lines": []}, "_digits_to_chinese": {"executed_lines": [119], "summary": {"covered_lines": 1, "num_statements": 1, "percent_covered": 100.0, "percent_covered_display": "100", "missing_lines": 0, "excluded_lines": 0}, "missing_lines": [], "excluded_lines": []}, "_cardinal_to_chinese": {"executed_lines": [130, 131, 132, 133, 134, 135, 138, 140, 141, 142, 143, 145, 154, 155, 156, 157, 158, 159, 160, 161, 162, 163, 164, 167], "summary": {"covered_lines": 24, "num_statements": 24, "percent_covered": 100.0, "percent_covered_display": "100", "missing_lines": 0, "excluded_lines": 0}, "missing_lines": [], "excluded_lines": []}, "_cardinal_to_chinese.under_100": {"executed_lines": [146, 147, 148, 149, 150, 151, 152], "summary": {"covered_lines": 7, "num_statements": 7, "percent_covered": 100.0, "percent_covered_display": "100", "missing_lines": 0, "excluded_lines": 0}, "missing_lines": [], "excluded_lines": []}, "_local_tag": {"executed_lines": [172, 173, 174, 175], "summary": {"covered_lines": 4, "num_statements": 4, "percent_covered": 100.0, "percent_covered_display": "100", "missing_lines": 0, "excluded_lines": 0}, "missing_lines": [], "excluded_lines": []}, "_emit": {"executed_lines": [188, 190, 191, 192, 193, 194, 195, 196, 197, 198, 199, 200, 202, 203, 204, 205, 206, 207, 208, 209, 210, 211, 212, 213, 217, 218, 219, 220, 221, 222, 223, 224, 225, 226, 227, 229, 230, 231, 232, 234, 235, 236, 237, 238, 239, 240, 241, 242, 243, 244, 245, 246, 248, 249, 250, 251, 253, 255, 256, 257, 258, 260, 261, 262, 263, 264, 266, 267, 268, 269, 273, 274, 275, 276, 277, 278, 279, 280, 281, 282, 283, 284], "summary": {"covered_lines": 82, "num_statements": 82, "percent_covered": 100.0, "percent_covered_display": "100", "missing_lines": 0, "excluded_lines": 0}, "missing_lines": [], "excluded_lines": []}, "_fallback_plain": {"executed_lines": [293, 294, 295], "summary": {"covered_lines": 3, "num_statements": 3, "percent_covered": 100.0, "percent_covered_display": "100", "missing_lines": 0, "excluded_lines": 0}, "missing_lines": [], "excluded_lines": []}, "parse_ssml": {"executed_lines": [320, 321, 330, 331, 332, 333, 338, 339, 345, 346, 347, 350, 351, 352, 354, 355, 357, 358, 359, 361], "summary": {"covered_lines": 20, "num_statements": 20, "percent_covered": 100.0, "percent_covered_display": "100", "missing_lines": 0, "excluded_lines": 0}, "missing_lines": [], "excluded_lines": []}, "": {"executed_lines": [1, 33, 35, 36, 37, 38, 39, 41, 43, 47, 51, 54, 61, 64, 69, 70, 71, 76, 77, 78, 79, 82, 83, 84, 92, 93, 94, 97, 112, 122, 170, 178, 287, 309, 368], "summary": {"covered_lines": 32, "num_statements": 32, "percent_covered": 100.0, "percent_covered_display": "100", "missing_lines": 0, "excluded_lines": 0}, "missing_lines": [], "excluded_lines": []}}, "classes": {"Segment": {"executed_lines": [], "summary": {"covered_lines": 0, "num_statements": 0, "percent_covered": 100.0, "percent_covered_display": "100", "missing_lines": 0, "excluded_lines": 0}, "missing_lines": [], "excluded_lines": []}, "ParsedSSML": {"executed_lines": [], "summary": {"covered_lines": 0, "num_statements": 0, "percent_covered": 100.0, "percent_covered_display": "100", "missing_lines": 0, "excluded_lines": 0}, "missing_lines": [], "excluded_lines": []}, "": {"executed_lines": [1, 33, 35, 36, 37, 38, 39, 41, 43, 47, 51, 54, 61, 64, 69, 70, 71, 76, 77, 78, 79, 82, 83, 84, 92, 93, 94, 97, 102, 103, 104, 105, 106, 107, 108, 109, 112, 119, 122, 130, 131, 132, 133, 134, 135, 138, 140, 141, 142, 143, 145, 146, 147, 148, 149, 150, 151, 152, 154, 155, 156, 157, 158, 159, 160, 161, 162, 163, 164, 167, 170, 172, 173, 174, 175, 178, 188, 190, 191, 192, 193, 194, 195, 196, 197, 198, 199, 200, 202, 203, 204, 205, 206, 207, 208, 209, 210, 211, 212, 213, 217, 218, 219, 220, 221, 222, 223, 224, 225, 226, 227, 229, 230, 231, 232, 234, 235, 236, 237, 238, 239, 240, 241, 242, 243, 244, 245, 246, 248, 249, 250, 251, 253, 255, 256, 257, 258, 260, 261, 262, 263, 264, 266, 267, 268, 269, 273, 274, 275, 276, 277, 278, 279, 280, 281, 282, 283, 284, 287, 293, 294, 295, 309, 320, 321, 330, 331, 332, 333, 338, 339, 345, 346, 347, 350, 351, 352, 354, 355, 357, 358, 359, 361, 368], "summary": {"covered_lines": 181, "num_statements": 181, "percent_covered": 100.0, "percent_covered_display": "100", "missing_lines": 0, "excluded_lines": 0}, "missing_lines": [], "excluded_lines": []}}}, "src/engines/synthesis.py": {"executed_lines": [1, 20, 22, 24, 26, 27, 28, 30, 33, 39, 42, 55, 56, 65, 66, 69, 97, 98, 100, 101, 102, 103, 105, 106, 107, 110], "summary": {"covered_lines": 25, "num_statements": 29, "percent_covered": 86.20689655172414, "percent_covered_display": "86", "missing_lines": 4, "excluded_lines": 0}, "missing_lines": [122, 123, 124, 125], "excluded_lines": [], "functions": {"concat_mp3_chunks": {"executed_lines": [39], "summary": {"covered_lines": 1, "num_statements": 1, "percent_covered": 100.0, "percent_covered_display": "100", "missing_lines": 0, "excluded_lines": 0}, "missing_lines": [], "excluded_lines": []}, "synthesize_one": {"executed_lines": [55, 56, 65, 66], "summary": {"covered_lines": 4, "num_statements": 4, "percent_covered": 100.0, "percent_covered_display": "100", "missing_lines": 0, "excluded_lines": 0}, "missing_lines": [], "excluded_lines": []}, "synthesize_chunks": {"executed_lines": [97, 98, 100, 101, 102, 103, 105, 106, 107], "summary": {"covered_lines": 9, "num_statements": 9, "percent_covered": 100.0, "percent_covered_display": "100", "missing_lines": 0, "excluded_lines": 0}, "missing_lines": [], "excluded_lines": []}, "synthesize_text": {"executed_lines": [], "summary": {"covered_lines": 0, "num_statements": 4, "percent_covered": 0.0, "percent_covered_display": "0", "missing_lines": 4, "excluded_lines": 0}, "missing_lines": [122, 123, 124, 125], "excluded_lines": []}, "": {"executed_lines": [1, 20, 22, 24, 26, 27, 28, 30, 33, 42, 69, 110], "summary": {"covered_lines": 11, "num_statements": 11, "percent_covered": 100.0, "percent_covered_display": "100", "missing_lines": 0, "excluded_lines": 0}, "missing_lines": [], "excluded_lines": []}}, "classes": {"": {"executed_lines": [1, 20, 22, 24, 26, 27, 28, 30, 33, 39, 42, 55, 56, 65, 66, 69, 97, 98, 100, 101, 102, 103, 105, 106, 107, 110], "summary": {"covered_lines": 25, "num_statements": 29, "percent_covered": 86.20689655172414, "percent_covered_display": "86", "missing_lines": 4, "excluded_lines": 0}, "missing_lines": [122, 123, 124, 125], "excluded_lines": []}}}, "src/engines/taiwan_linguistic.py": {"executed_lines": [1, 20, 22, 23, 28, 33, 104, 109, 119, 120, 121, 124], "summary": {"covered_lines": 11, "num_statements": 11, "percent_covered": 100.0, "percent_covered_display": "100", "missing_lines": 0, "excluded_lines": 0}, "missing_lines": [], "excluded_lines": [], "functions": {"apply_lexicon": {"executed_lines": [119, 120, 121], "summary": {"covered_lines": 3, "num_statements": 3, "percent_covered": 100.0, "percent_covered_display": "100", "missing_lines": 0, "excluded_lines": 0}, "missing_lines": [], "excluded_lines": []}, "": {"executed_lines": [1, 20, 22, 23, 28, 33, 104, 109, 124], "summary": {"covered_lines": 8, "num_statements": 8, "percent_covered": 100.0, "percent_covered_display": "100", "missing_lines": 0, "excluded_lines": 0}, "missing_lines": [], "excluded_lines": []}}, "classes": {"": {"executed_lines": [1, 20, 22, 23, 28, 33, 104, 109, 119, 120, 121, 124], "summary": {"covered_lines": 11, "num_statements": 11, "percent_covered": 100.0, "percent_covered_display": "100", "missing_lines": 0, "excluded_lines": 0}, "missing_lines": [], "excluded_lines": []}}}, "src/engines/text_splitter.py": {"executed_lines": [1, 15, 17, 18, 21, 24, 25, 26, 29, 32, 34, 37, 39, 42, 46, 47, 48, 49, 51, 52, 55, 72, 73, 75, 79, 82, 83, 86, 87, 88, 89, 91, 93], "summary": {"covered_lines": 32, "num_statements": 32, "percent_covered": 100.0, "percent_covered_display": "100", "missing_lines": 0, "excluded_lines": 0}, "missing_lines": [], "excluded_lines": [], "functions": {"_force_split": {"executed_lines": [34], "summary": {"covered_lines": 1, "num_statements": 1, "percent_covered": 100.0, "percent_covered_display": "100", "missing_lines": 0, "excluded_lines": 0}, "missing_lines": [], "excluded_lines": []}, "_simple_split": {"executed_lines": [39], "summary": {"covered_lines": 1, "num_statements": 1, "percent_covered": 100.0, "percent_covered_display": "100", "missing_lines": 0, "excluded_lines": 0}, "missing_lines": [], "excluded_lines": []}, "_apply_boundary_tier": {"executed_lines": [46, 47, 48, 49, 51, 52], "summary": {"covered_lines": 6, "num_statements": 6, "percent_covered": 100.0, "percent_covered_display": "100", "missing_lines": 0, "excluded_lines": 0}, "missing_lines": [], "excluded_lines": []}, "split_text": {"executed_lines": [72, 73, 75, 79, 82, 83, 86, 87, 88, 89, 91, 93], "summary": {"covered_lines": 12, "num_statements": 12, "percent_covered": 100.0, "percent_covered_display": "100", "missing_lines": 0, "excluded_lines": 0}, "missing_lines": [], "excluded_lines": []}, "": {"executed_lines": [1, 15, 17, 18, 21, 24, 25, 26, 29, 32, 37, 42, 55], "summary": {"covered_lines": 12, "num_statements": 12, "percent_covered": 100.0, "percent_covered_display": "100", "missing_lines": 0, "excluded_lines": 0}, "missing_lines": [], "excluded_lines": []}}, "classes": {"": {"executed_lines": [1, 15, 17, 18, 21, 24, 25, 26, 29, 32, 34, 37, 39, 42, 46, 47, 48, 49, 51, 52, 55, 72, 73, 75, 79, 82, 83, 86, 87, 88, 89, 91, 93], "summary": {"covered_lines": 32, "num_statements": 32, "percent_covered": 100.0, "percent_covered_display": "100", "missing_lines": 0, "excluded_lines": 0}, "missing_lines": [], "excluded_lines": []}}}, "src/infrastructure/audio_converter.py": {"executed_lines": [1, 14, 16, 17, 18, 19, 21, 24, 25, 28, 29, 37, 38, 46, 47, 48, 49, 55, 63, 64, 66, 67, 69, 70, 72, 73, 74, 75, 76, 77, 79, 80, 85, 86, 87, 89, 90, 92, 93, 96, 97, 98, 103, 116, 117, 118, 121, 135, 136, 137], "summary": {"covered_lines": 47, "num_statements": 47, "percent_covered": 100.0, "percent_covered_display": "100", "missing_lines": 0, "excluded_lines": 4}, "missing_lines": [], "excluded_lines": [94, 95, 99, 100], "functions": {"FFmpegUnavailableError.__init__": {"executed_lines": [47, 48, 49], "summary": {"covered_lines": 3, "num_statements": 3, "percent_covered": 100.0, "percent_covered_display": "100", "missing_lines": 0, "excluded_lines": 0}, "missing_lines": [], "excluded_lines": []}, "_run_ffmpeg": {"executed_lines": [63, 64, 66, 67, 69, 70, 72, 73, 74, 75, 76, 77, 79, 80, 85, 86, 87, 89, 90, 92, 93, 96, 97, 98], "summary": {"covered_lines": 24, "num_statements": 24, "percent_covered": 100.0, "percent_covered_display": "100", "missing_lines": 0, "excluded_lines": 4}, "missing_lines": [], "excluded_lines": [94, 95, 99, 100]}, "convert_mp3_to_wav": {"executed_lines": [116, 117, 118], "summary": {"covered_lines": 3, "num_statements": 3, "percent_covered": 100.0, "percent_covered_display": "100", "missing_lines": 0, "excluded_lines": 0}, "missing_lines": [], "excluded_lines": []}, "convert_wav_to_mp3": {"executed_lines": [135, 136, 137], "summary": {"covered_lines": 3, "num_statements": 3, "percent_covered": 100.0, "percent_covered_display": "100", "missing_lines": 0, "excluded_lines": 0}, "missing_lines": [], "excluded_lines": []}, "": {"executed_lines": [1, 14, 16, 17, 18, 19, 21, 24, 25, 28, 29, 37, 38, 46, 55, 103, 121], "summary": {"covered_lines": 14, "num_statements": 14, "percent_covered": 100.0, "percent_covered_display": "100", "missing_lines": 0, "excluded_lines": 0}, "missing_lines": [], "excluded_lines": []}}, "classes": {"ConversionError": {"executed_lines": [], "summary": {"covered_lines": 0, "num_statements": 0, "percent_covered": 100.0, "percent_covered_display": "100", "missing_lines": 0, "excluded_lines": 0}, "missing_lines": [], "excluded_lines": []}, "FFmpegUnavailableError": {"executed_lines": [47, 48, 49], "summary": {"covered_lines": 3, "num_statements": 3, "percent_covered": 100.0, "percent_covered_display": "100", "missing_lines": 0, "excluded_lines": 0}, "missing_lines": [], "excluded_lines": []}, "": {"executed_lines": [1, 14, 16, 17, 18, 19, 21, 24, 25, 28, 29, 37, 38, 46, 55, 63, 64, 66, 67, 69, 70, 72, 73, 74, 75, 76, 77, 79, 80, 85, 86, 87, 89, 90, 92, 93, 96, 97, 98, 103, 116, 117, 118, 121, 135, 136, 137], "summary": {"covered_lines": 44, "num_statements": 44, "percent_covered": 100.0, "percent_covered_display": "100", "missing_lines": 0, "excluded_lines": 4}, "missing_lines": [], "excluded_lines": [94, 95, 99, 100]}}}, "src/infrastructure/circuit_breaker.py": {"executed_lines": [1, 12, 14, 15, 17, 25, 26, 28, 30, 31, 38, 39, 47, 53, 54, 55, 56, 57, 58, 59, 60, 61, 63, 77, 78, 79, 80, 81, 82, 83, 84, 85, 88, 89, 91, 101, 102, 103, 104, 105, 106, 108, 109, 114, 115, 116, 117, 118, 120, 121, 123, 124, 125, 126, 127, 128, 132, 134, 135, 136, 137, 142, 143, 144, 146, 147, 148, 150, 152, 153, 154, 155, 156], "summary": {"covered_lines": 70, "num_statements": 70, "percent_covered": 100.0, "percent_covered_display": "100", "missing_lines": 0, "excluded_lines": 0}, "missing_lines": [], "excluded_lines": [], "functions": {"CircuitBreaker.__init__": {"executed_lines": [53, 54, 55, 56, 57, 58, 59, 60, 61], "summary": {"covered_lines": 9, "num_statements": 9, "percent_covered": 100.0, "percent_covered_display": "100", "missing_lines": 0, "excluded_lines": 0}, "missing_lines": [], "excluded_lines": []}, "CircuitBreaker._transition": {"executed_lines": [77, 78, 79, 80, 81, 82, 83, 84, 85, 88, 89], "summary": {"covered_lines": 11, "num_statements": 11, "percent_covered": 100.0, "percent_covered_display": "100", "missing_lines": 0, "excluded_lines": 0}, "missing_lines": [], "excluded_lines": []}, "CircuitBreaker.call": {"executed_lines": [101, 102, 103, 104, 105, 106, 108, 109, 114, 115, 116, 117, 118, 120, 121], "summary": {"covered_lines": 15, "num_statements": 15, "percent_covered": 100.0, "percent_covered_display": "100", "missing_lines": 0, "excluded_lines": 0}, "missing_lines": [], "excluded_lines": []}, "CircuitBreaker._on_success": {"executed_lines": [124, 125, 126, 127, 128, 132], "summary": {"covered_lines": 6, "num_statements": 6, "percent_covered": 100.0, "percent_covered_display": "100", "missing_lines": 0, "excluded_lines": 0}, "missing_lines": [], "excluded_lines": []}, "CircuitBreaker._on_failure": {"executed_lines": [135, 136, 137, 142, 143, 144, 146, 147, 148], "summary": {"covered_lines": 9, "num_statements": 9, "percent_covered": 100.0, "percent_covered_display": "100", "missing_lines": 0, "excluded_lines": 0}, "missing_lines": [], "excluded_lines": []}, "CircuitBreaker.reset": {"executed_lines": [152, 153, 154, 155, 156], "summary": {"covered_lines": 5, "num_statements": 5, "percent_covered": 100.0, "percent_covered_display": "100", "missing_lines": 0, "excluded_lines": 0}, "missing_lines": [], "excluded_lines": []}, "": {"executed_lines": [1, 12, 14, 15, 17, 25, 26, 28, 30, 31, 38, 39, 47, 63, 91, 123, 134, 150], "summary": {"covered_lines": 15, "num_statements": 15, "percent_covered": 100.0, "percent_covered_display": "100", "missing_lines": 0, "excluded_lines": 0}, "missing_lines": [], "excluded_lines": []}}, "classes": {"CircuitOpenError": {"executed_lines": [], "summary": {"covered_lines": 0, "num_statements": 0, "percent_covered": 100.0, "percent_covered_display": "100", "missing_lines": 0, "excluded_lines": 0}, "missing_lines": [], "excluded_lines": []}, "CircuitBreaker": {"executed_lines": [53, 54, 55, 56, 57, 58, 59, 60, 61, 77, 78, 79, 80, 81, 82, 83, 84, 85, 88, 89, 101, 102, 103, 104, 105, 106, 108, 109, 114, 115, 116, 117, 118, 120, 121, 124, 125, 126, 127, 128, 132, 135, 136, 137, 142, 143, 144, 146, 147, 148, 152, 153, 154, 155, 156], "summary": {"covered_lines": 55, "num_statements": 55, "percent_covered": 100.0, "percent_covered_display": "100", "missing_lines": 0, "excluded_lines": 0}, "missing_lines": [], "excluded_lines": []}, "": {"executed_lines": [1, 12, 14, 15, 17, 25, 26, 28, 30, 31, 38, 39, 47, 63, 91, 123, 134, 150], "summary": {"covered_lines": 15, "num_statements": 15, "percent_covered": 100.0, "percent_covered_display": "100", "missing_lines": 0, "excluded_lines": 0}, "missing_lines": [], "excluded_lines": []}}}, "src/infrastructure/config.py": {"executed_lines": [1, 8, 10, 11, 14, 17, 22, 23, 26, 29, 32, 35, 36, 39, 40, 43, 46, 49, 60, 65, 67, 68, 70, 72, 74, 76, 78, 81, 83, 98], "summary": {"covered_lines": 29, "num_statements": 34, "percent_covered": 85.29411764705883, "percent_covered_display": "85", "missing_lines": 5, "excluded_lines": 0}, "missing_lines": [69, 71, 73, 75, 77], "excluded_lines": [], "functions": {"validate_config": {"executed_lines": [67, 68, 70, 72, 74, 76, 78], "summary": {"covered_lines": 7, "num_statements": 12, "percent_covered": 58.333333333333336, "percent_covered_display": "58", "missing_lines": 5, "excluded_lines": 0}, "missing_lines": [69, 71, 73, 75, 77], "excluded_lines": []}, "get_config_snapshot": {"executed_lines": [83], "summary": {"covered_lines": 1, "num_statements": 1, "percent_covered": 100.0, "percent_covered_display": "100", "missing_lines": 0, "excluded_lines": 0}, "missing_lines": [], "excluded_lines": []}, "": {"executed_lines": [1, 8, 10, 11, 14, 17, 22, 23, 26, 29, 32, 35, 36, 39, 40, 43, 46, 49, 60, 65, 81, 98], "summary": {"covered_lines": 21, "num_statements": 21, "percent_covered": 100.0, "percent_covered_display": "100", "missing_lines": 0, "excluded_lines": 0}, "missing_lines": [], "excluded_lines": []}}, "classes": {"": {"executed_lines": [1, 8, 10, 11, 14, 17, 22, 23, 26, 29, 32, 35, 36, 39, 40, 43, 46, 49, 60, 65, 67, 68, 70, 72, 74, 76, 78, 81, 83, 98], "summary": {"covered_lines": 29, "num_statements": 34, "percent_covered": 85.29411764705883, "percent_covered_display": "85", "missing_lines": 5, "excluded_lines": 0}, "missing_lines": [69, 71, 73, 75, 77], "excluded_lines": []}}}, "src/infrastructure/health.py": {"executed_lines": [1, 11, 13, 15, 16, 19, 20, 22, 27, 30, 31, 33, 34, 35, 45, 46, 48, 49, 50, 51], "summary": {"covered_lines": 19, "num_statements": 19, "percent_covered": 100.0, "percent_covered_display": "100", "missing_lines": 0, "excluded_lines": 0}, "missing_lines": [], "excluded_lines": [], "functions": {"get_circuit_state": {"executed_lines": [33, 34, 35], "summary": {"covered_lines": 3, "num_statements": 3, "percent_covered": 100.0, "percent_covered_display": "100", "missing_lines": 0, "excluded_lines": 0}, "missing_lines": [], "excluded_lines": []}, "post_circuit_reset": {"executed_lines": [48, 49, 50, 51], "summary": {"covered_lines": 4, "num_statements": 4, "percent_covered": 100.0, "percent_covered_display": "100", "missing_lines": 0, "excluded_lines": 0}, "missing_lines": [], "excluded_lines": []}, "": {"executed_lines": [1, 11, 13, 15, 16, 19, 20, 22, 27, 30, 31, 45, 46], "summary": {"covered_lines": 12, "num_statements": 12, "percent_covered": 100.0, "percent_covered_display": "100", "missing_lines": 0, "excluded_lines": 0}, "missing_lines": [], "excluded_lines": []}}, "classes": {"": {"executed_lines": [1, 11, 13, 15, 16, 19, 20, 22, 27, 30, 31, 33, 34, 35, 45, 46, 48, 49, 50, 51], "summary": {"covered_lines": 19, "num_statements": 19, "percent_covered": 100.0, "percent_covered_display": "100", "missing_lines": 0, "excluded_lines": 0}, "missing_lines": [], "excluded_lines": []}}}, "src/infrastructure/models.py": {"executed_lines": [1, 19, 21, 23, 25, 28, 29, 32, 33, 38, 39, 40, 41, 42, 44, 45, 46, 48, 49, 50, 52, 55, 56, 61, 62, 63, 66], "summary": {"covered_lines": 24, "num_statements": 25, "percent_covered": 96.0, "percent_covered_display": "96", "missing_lines": 1, "excluded_lines": 0}, "missing_lines": [51], "excluded_lines": [], "functions": {"SpeechRequest.input_not_blank": {"executed_lines": [48, 49, 50, 52], "summary": {"covered_lines": 4, "num_statements": 5, "percent_covered": 80.0, "percent_covered_display": "80", "missing_lines": 1, "excluded_lines": 0}, "missing_lines": [51], "excluded_lines": []}, "": {"executed_lines": [1, 19, 21, 23, 25, 28, 29, 32, 33, 38, 39, 40, 41, 42, 44, 45, 46, 55, 56, 61, 62, 63, 66], "summary": {"covered_lines": 20, "num_statements": 20, "percent_covered": 100.0, "percent_covered_display": "100", "missing_lines": 0, "excluded_lines": 0}, "missing_lines": [], "excluded_lines": []}}, "classes": {"SpeechRequest": {"executed_lines": [48, 49, 50, 52], "summary": {"covered_lines": 4, "num_statements": 5, "percent_covered": 80.0, "percent_covered_display": "80", "missing_lines": 1, "excluded_lines": 0}, "missing_lines": [51], "excluded_lines": []}, "SpeechResponse": {"executed_lines": [], "summary": {"covered_lines": 0, "num_statements": 0, "percent_covered": 100.0, "percent_covered_display": "100", "missing_lines": 0, "excluded_lines": 0}, "missing_lines": [], "excluded_lines": []}, "": {"executed_lines": [1, 19, 21, 23, 25, 28, 29, 32, 33, 38, 39, 40, 41, 42, 44, 45, 46, 55, 56, 61, 62, 63, 66], "summary": {"covered_lines": 20, "num_statements": 20, "percent_covered": 100.0, "percent_covered_display": "100", "missing_lines": 0, "excluded_lines": 0}, "missing_lines": [], "excluded_lines": []}}}, "src/infrastructure/redis_cache.py": {"executed_lines": [1, 19, 21, 22, 24, 27, 28, 30, 33, 45, 46, 47, 48, 49, 52, 53, 67, 68, 69, 70, 71, 73, 75, 76, 77, 79, 86, 87, 88, 89, 90, 91, 92, 93, 94, 95, 97, 104, 105, 106, 107, 108, 109, 110, 111, 112], "summary": {"covered_lines": 44, "num_statements": 44, "percent_covered": 100.0, "percent_covered_display": "100", "missing_lines": 0, "excluded_lines": 0}, "missing_lines": [], "excluded_lines": [], "functions": {"make_cache_key": {"executed_lines": [45, 46, 47, 48, 49], "summary": {"covered_lines": 5, "num_statements": 5, "percent_covered": 100.0, "percent_covered_display": "100", "missing_lines": 0, "excluded_lines": 0}, "missing_lines": [], "excluded_lines": []}, "RedisCache.__init__": {"executed_lines": [68, 69, 70, 71], "summary": {"covered_lines": 4, "num_statements": 4, "percent_covered": 100.0, "percent_covered_display": "100", "missing_lines": 0, "excluded_lines": 0}, "missing_lines": [], "excluded_lines": []}, "RedisCache.is_available": {"executed_lines": [75, 76, 77], "summary": {"covered_lines": 3, "num_statements": 3, "percent_covered": 100.0, "percent_covered_display": "100", "missing_lines": 0, "excluded_lines": 0}, "missing_lines": [], "excluded_lines": []}, "RedisCache.get": {"executed_lines": [86, 87, 88, 89, 90, 91, 92, 93, 94, 95], "summary": {"covered_lines": 10, "num_statements": 10, "percent_covered": 100.0, "percent_covered_display": "100", "missing_lines": 0, "excluded_lines": 0}, "missing_lines": [], "excluded_lines": []}, "RedisCache.set": {"executed_lines": [104, 105, 106, 107, 108, 109, 110, 111, 112], "summary": {"covered_lines": 9, "num_statements": 9, "percent_covered": 100.0, "percent_covered_display": "100", "missing_lines": 0, "excluded_lines": 0}, "missing_lines": [], "excluded_lines": []}, "": {"executed_lines": [1, 19, 21, 22, 24, 27, 28, 30, 33, 52, 53, 67, 73, 79, 97], "summary": {"covered_lines": 13, "num_statements": 13, "percent_covered": 100.0, "percent_covered_display": "100", "missing_lines": 0, "excluded_lines": 0}, "missing_lines": [], "excluded_lines": []}}, "classes": {"RedisCache": {"executed_lines": [68, 69, 70, 71, 75, 76, 77, 86, 87, 88, 89, 90, 91, 92, 93, 94, 95, 104, 105, 106, 107, 108, 109, 110, 111, 112], "summary": {"covered_lines": 26, "num_statements": 26, "percent_covered": 100.0, "percent_covered_display": "100", "missing_lines": 0, "excluded_lines": 0}, "missing_lines": [], "excluded_lines": []}, "": {"executed_lines": [1, 19, 21, 22, 24, 27, 28, 30, 33, 45, 46, 47, 48, 49, 52, 53, 67, 73, 79, 97], "summary": {"covered_lines": 18, "num_statements": 18, "percent_covered": 100.0, "percent_covered_display": "100", "missing_lines": 0, "excluded_lines": 0}, "missing_lines": [], "excluded_lines": []}}}}, "totals": {"covered_lines": 639, "num_statements": 668, "percent_covered": 95.65868263473054, "percent_covered_display": "96", "missing_lines": 29, "excluded_lines": 27}}