{"meta": {"format": 3, "version": "7.10.7", "timestamp": "2026-06-05T00:40:27.940951", "branch_coverage": false, "show_contexts": false}, "files": {"src/__init__.py": {"executed_lines": [1], "summary": {"covered_lines": 0, "num_statements": 0, "percent_covered": 100.0, "percent_covered_display": "100", "missing_lines": 0, "excluded_lines": 0}, "missing_lines": [], "excluded_lines": [], "functions": {"": {"executed_lines": [1], "summary": {"covered_lines": 0, "num_statements": 0, "percent_covered": 100.0, "percent_covered_display": "100", "missing_lines": 0, "excluded_lines": 0}, "missing_lines": [], "excluded_lines": []}}, "classes": {"": {"executed_lines": [1], "summary": {"covered_lines": 0, "num_statements": 0, "percent_covered": 100.0, "percent_covered_display": "100", "missing_lines": 0, "excluded_lines": 0}, "missing_lines": [], "excluded_lines": []}}}, "src/audio_converter.py": {"executed_lines": [1, 14, 16, 17, 18, 19, 22, 23, 31, 32, 40, 41, 47, 55, 56, 58, 59, 61, 62, 63, 64, 65, 66, 68, 69, 74, 75, 76, 78, 79, 81, 82, 85, 86, 87, 92, 105, 108, 122], "summary": {"covered_lines": 36, "num_statements": 40, "percent_covered": 90.0, "percent_covered_display": "90", "missing_lines": 4, "excluded_lines": 0}, "missing_lines": [83, 84, 88, 89], "excluded_lines": [], "functions": {"FFmpegUnavailableError.__init__": {"executed_lines": [41], "summary": {"covered_lines": 1, "num_statements": 1, "percent_covered": 100.0, "percent_covered_display": "100", "missing_lines": 0, "excluded_lines": 0}, "missing_lines": [], "excluded_lines": []}, "_run_ffmpeg": {"executed_lines": [55, 56, 58, 59, 61, 62, 63, 64, 65, 66, 68, 69, 74, 75, 76, 78, 79, 81, 82, 85, 86, 87], "summary": {"covered_lines": 22, "num_statements": 26, "percent_covered": 84.61538461538461, "percent_covered_display": "85", "missing_lines": 4, "excluded_lines": 0}, "missing_lines": [83, 84, 88, 89], "excluded_lines": []}, "convert_mp3_to_wav": {"executed_lines": [105], "summary": {"covered_lines": 1, "num_statements": 1, "percent_covered": 100.0, "percent_covered_display": "100", "missing_lines": 0, "excluded_lines": 0}, "missing_lines": [], "excluded_lines": []}, "convert_wav_to_mp3": {"executed_lines": [122], "summary": {"covered_lines": 1, "num_statements": 1, "percent_covered": 100.0, "percent_covered_display": "100", "missing_lines": 0, "excluded_lines": 0}, "missing_lines": [], "excluded_lines": []}, "": {"executed_lines": [1, 14, 16, 17, 18, 19, 22, 23, 31, 32, 40, 47, 92, 108], "summary": {"covered_lines": 11, "num_statements": 11, "percent_covered": 100.0, "percent_covered_display": "100", "missing_lines": 0, "excluded_lines": 0}, "missing_lines": [], "excluded_lines": []}}, "classes": {"ConversionError": {"executed_lines": [], "summary": {"covered_lines": 0, "num_statements": 0, "percent_covered": 100.0, "percent_covered_display": "100", "missing_lines": 0, "excluded_lines": 0}, "missing_lines": [], "excluded_lines": []}, "FFmpegUnavailableError": {"executed_lines": [41], "summary": {"covered_lines": 1, "num_statements": 1, "percent_covered": 100.0, "percent_covered_display": "100", "missing_lines": 0, "excluded_lines": 0}, "missing_lines": [], "excluded_lines": []}, "": {"executed_lines": [1, 14, 16, 17, 18, 19, 22, 23, 31, 32, 40, 47, 55, 56, 58, 59, 61, 62, 63, 64, 65, 66, 68, 69, 74, 75, 76, 78, 79, 81, 82, 85, 86, 87, 92, 105, 108, 122], "summary": {"covered_lines": 35, "num_statements": 39, "percent_covered": 89.74358974358974, "percent_covered_display": "90", "missing_lines": 4, "excluded_lines": 0}, "missing_lines": [83, 84, 88, 89], "excluded_lines": []}}}, "src/cache/__init__.py": {"executed_lines": [1], "summary": {"covered_lines": 0, "num_statements": 0, "percent_covered": 100.0, "percent_covered_display": "100", "missing_lines": 0, "excluded_lines": 0}, "missing_lines": [], "excluded_lines": [], "functions": {"": {"executed_lines": [1], "summary": {"covered_lines": 0, "num_statements": 0, "percent_covered": 100.0, "percent_covered_display": "100", "missing_lines": 0, "excluded_lines": 0}, "missing_lines": [], "excluded_lines": []}}, "classes": {"": {"executed_lines": [1], "summary": {"covered_lines": 0, "num_statements": 0, "percent_covered": 100.0, "percent_covered_display": "100", "missing_lines": 0, "excluded_lines": 0}, "missing_lines": [], "excluded_lines": []}}}, "src/cache/redis_cache.py": {"executed_lines": [1, 19, 21, 22, 24, 27, 39, 40, 41, 44, 45, 59, 60, 61, 63, 65, 67, 74, 76, 77, 78, 79, 80, 81, 83, 90, 92, 93], "summary": {"covered_lines": 26, "num_statements": 31, "percent_covered": 83.87096774193549, "percent_covered_display": "84", "missing_lines": 5, "excluded_lines": 0}, "missing_lines": [75, 91, 94, 95, 96], "excluded_lines": [], "functions": {"make_cache_key": {"executed_lines": [39, 40, 41], "summary": {"covered_lines": 3, "num_statements": 3, "percent_covered": 100.0, "percent_covered_display": "100", "missing_lines": 0, "excluded_lines": 0}, "missing_lines": [], "excluded_lines": []}, "RedisCache.__init__": {"executed_lines": [60, 61], "summary": {"covered_lines": 2, "num_statements": 2, "percent_covered": 100.0, "percent_covered_display": "100", "missing_lines": 0, "excluded_lines": 0}, "missing_lines": [], "excluded_lines": []}, "RedisCache.is_available": {"executed_lines": [65], "summary": {"covered_lines": 1, "num_statements": 1, "percent_covered": 100.0, "percent_covered_display": "100", "missing_lines": 0, "excluded_lines": 0}, "missing_lines": [], "excluded_lines": []}, "RedisCache.get": {"executed_lines": [74, 76, 77, 78, 79, 80, 81], "summary": {"covered_lines": 7, "num_statements": 8, "percent_covered": 87.5, "percent_covered_display": "88", "missing_lines": 1, "excluded_lines": 0}, "missing_lines": [75], "excluded_lines": []}, "RedisCache.set": {"executed_lines": [90, 92, 93], "summary": {"covered_lines": 3, "num_statements": 7, "percent_covered": 42.857142857142854, "percent_covered_display": "43", "missing_lines": 4, "excluded_lines": 0}, "missing_lines": [91, 94, 95, 96], "excluded_lines": []}, "": {"executed_lines": [1, 19, 21, 22, 24, 27, 44, 45, 59, 63, 67, 83], "summary": {"covered_lines": 10, "num_statements": 10, "percent_covered": 100.0, "percent_covered_display": "100", "missing_lines": 0, "excluded_lines": 0}, "missing_lines": [], "excluded_lines": []}}, "classes": {"RedisCache": {"executed_lines": [60, 61, 65, 74, 76, 77, 78, 79, 80, 81, 90, 92, 93], "summary": {"covered_lines": 13, "num_statements": 18, "percent_covered": 72.22222222222223, "percent_covered_display": "72", "missing_lines": 5, "excluded_lines": 0}, "missing_lines": [75, 91, 94, 95, 96], "excluded_lines": []}, "": {"executed_lines": [1, 19, 21, 22, 24, 27, 39, 40, 41, 44, 45, 59, 63, 67, 83], "summary": {"covered_lines": 13, "num_statements": 13, "percent_covered": 100.0, "percent_covered_display": "100", "missing_lines": 0, "excluded_lines": 0}, "missing_lines": [], "excluded_lines": []}}}, "src/cli.py": {"executed_lines": [1, 15, 17, 18, 19, 21, 23, 26, 32, 36, 38, 40, 42, 44, 46, 48, 50, 52, 55, 63, 64, 68, 69, 72, 79, 82, 84, 85, 86, 87, 89, 90, 91, 92, 93, 94, 96, 98, 99, 100, 102, 103, 104, 105, 106, 108, 109, 112, 113, 114, 115], "summary": {"covered_lines": 50, "num_statements": 52, "percent_covered": 96.15384615384616, "percent_covered_display": "96", "missing_lines": 2, "excluded_lines": 0}, "missing_lines": [80, 117], "excluded_lines": [], "functions": {"_parse_args": {"executed_lines": [32, 36, 38, 40, 42, 44, 46, 48, 50, 52], "summary": {"covered_lines": 10, "num_statements": 10, "percent_covered": 100.0, "percent_covered_display": "100", "missing_lines": 0, "excluded_lines": 0}, "missing_lines": [], "excluded_lines": []}, "_synthesize_text": {"executed_lines": [63, 64, 68, 69], "summary": {"covered_lines": 4, "num_statements": 4, "percent_covered": 100.0, "percent_covered_display": "100", "missing_lines": 0, "excluded_lines": 0}, "missing_lines": [], "excluded_lines": []}, "main": {"executed_lines": [79, 82, 84, 85, 86, 87, 89, 90, 91, 92, 93, 94, 96, 98, 99, 100, 102, 103, 104, 105, 106, 108, 109, 112, 113, 114, 115], "summary": {"covered_lines": 27, "num_statements": 29, "percent_covered": 93.10344827586206, "percent_covered_display": "93", "missing_lines": 2, "excluded_lines": 0}, "missing_lines": [80, 117], "excluded_lines": []}, "": {"executed_lines": [1, 15, 17, 18, 19, 21, 23, 26, 55, 72], "summary": {"covered_lines": 9, "num_statements": 9, "percent_covered": 100.0, "percent_covered_display": "100", "missing_lines": 0, "excluded_lines": 0}, "missing_lines": [], "excluded_lines": []}}, "classes": {"": {"executed_lines": [1, 15, 17, 18, 19, 21, 23, 26, 32, 36, 38, 40, 42, 44, 46, 48, 50, 52, 55, 63, 64, 68, 69, 72, 79, 82, 84, 85, 86, 87, 89, 90, 91, 92, 93, 94, 96, 98, 99, 100, 102, 103, 104, 105, 106, 108, 109, 112, 113, 114, 115], "summary": {"covered_lines": 50, "num_statements": 52, "percent_covered": 96.15384615384616, "percent_covered_display": "96", "missing_lines": 2, "excluded_lines": 0}, "missing_lines": [80, 117], "excluded_lines": []}}}, "src/config.py": {"executed_lines": [1, 8, 10, 11, 14, 17, 22, 23, 26, 29, 32, 35, 36, 39, 40, 43, 46, 49, 60, 63], "summary": {"covered_lines": 19, "num_statements": 19, "percent_covered": 100.0, "percent_covered_display": "100", "missing_lines": 0, "excluded_lines": 0}, "missing_lines": [], "excluded_lines": [], "functions": {"": {"executed_lines": [1, 8, 10, 11, 14, 17, 22, 23, 26, 29, 32, 35, 36, 39, 40, 43, 46, 49, 60, 63], "summary": {"covered_lines": 19, "num_statements": 19, "percent_covered": 100.0, "percent_covered_display": "100", "missing_lines": 0, "excluded_lines": 0}, "missing_lines": [], "excluded_lines": []}}, "classes": {"": {"executed_lines": [1, 8, 10, 11, 14, 17, 22, 23, 26, 29, 32, 35, 36, 39, 40, 43, 46, 49, 60, 63], "summary": {"covered_lines": 19, "num_statements": 19, "percent_covered": 100.0, "percent_covered_display": "100", "missing_lines": 0, "excluded_lines": 0}, "missing_lines": [], "excluded_lines": []}}}, "src/engines/__init__.py": {"executed_lines": [1], "summary": {"covered_lines": 0, "num_statements": 0, "percent_covered": 100.0, "percent_covered_display": "100", "missing_lines": 0, "excluded_lines": 0}, "missing_lines": [], "excluded_lines": [], "functions": {"": {"executed_lines": [1], "summary": {"covered_lines": 0, "num_statements": 0, "percent_covered": 100.0, "percent_covered_display": "100", "missing_lines": 0, "excluded_lines": 0}, "missing_lines": [], "excluded_lines": []}}, "classes": {"": {"executed_lines": [1], "summary": {"covered_lines": 0, "num_statements": 0, "percent_covered": 100.0, "percent_covered_display": "100", "missing_lines": 0, "excluded_lines": 0}, "missing_lines": [], "excluded_lines": []}}}, "src/engines/ssml_parser.py": {"executed_lines": [1, 33, 35, 36, 37, 38, 39, 41, 45, 49, 52, 59, 62, 67, 68, 69, 74, 75, 76, 77, 80, 81, 82, 90, 91, 92, 95, 100, 101, 102, 103, 104, 105, 106, 107, 110, 117, 120, 128, 129, 130, 131, 132, 133, 136, 138, 139, 140, 141, 143, 144, 145, 146, 147, 148, 149, 150, 152, 153, 154, 155, 156, 157, 158, 159, 160, 161, 162, 165, 168, 170, 171, 172, 173, 176, 186, 188, 189, 190, 191, 192, 193, 194, 195, 196, 197, 198, 200, 201, 202, 203, 204, 205, 206, 207, 208, 209, 210, 211, 215, 216, 217, 218, 219, 220, 221, 222, 223, 224, 225, 227, 228, 229, 230, 232, 233, 234, 235, 236, 237, 238, 239, 240, 241, 242, 243, 244, 246, 247, 248, 249, 251, 253, 254, 255, 256, 258, 259, 260, 261, 262, 264, 265, 266, 267, 271, 272, 273, 274, 275, 276, 277, 278, 279, 280, 281, 282, 285, 291, 292, 293, 307, 318, 319, 328, 329, 330, 331, 336, 337, 343, 344, 345, 348, 349, 350, 352, 353, 355, 356, 357, 359, 366], "summary": {"covered_lines": 180, "num_statements": 180, "percent_covered": 100.0, "percent_covered_display": "100", "missing_lines": 0, "excluded_lines": 0}, "missing_lines": [], "excluded_lines": [], "functions": {"_parse_break_time": {"executed_lines": [100, 101, 102, 103, 104, 105, 106, 107], "summary": {"covered_lines": 8, "num_statements": 8, "percent_covered": 100.0, "percent_covered_display": "100", "missing_lines": 0, "excluded_lines": 0}, "missing_lines": [], "excluded_lines": []}, "_digits_to_chinese": {"executed_lines": [117], "summary": {"covered_lines": 1, "num_statements": 1, "percent_covered": 100.0, "percent_covered_display": "100", "missing_lines": 0, "excluded_lines": 0}, "missing_lines": [], "excluded_lines": []}, "_cardinal_to_chinese": {"executed_lines": [128, 129, 130, 131, 132, 133, 136, 138, 139, 140, 141, 143, 152, 153, 154, 155, 156, 157, 158, 159, 160, 161, 162, 165], "summary": {"covered_lines": 24, "num_statements": 24, "percent_covered": 100.0, "percent_covered_display": "100", "missing_lines": 0, "excluded_lines": 0}, "missing_lines": [], "excluded_lines": []}, "_cardinal_to_chinese.under_100": {"executed_lines": [144, 145, 146, 147, 148, 149, 150], "summary": {"covered_lines": 7, "num_statements": 7, "percent_covered": 100.0, "percent_covered_display": "100", "missing_lines": 0, "excluded_lines": 0}, "missing_lines": [], "excluded_lines": []}, "_local_tag": {"executed_lines": [170, 171, 172, 173], "summary": {"covered_lines": 4, "num_statements": 4, "percent_covered": 100.0, "percent_covered_display": "100", "missing_lines": 0, "excluded_lines": 0}, "missing_lines": [], "excluded_lines": []}, "_emit": {"executed_lines": [186, 188, 189, 190, 191, 192, 193, 194, 195, 196, 197, 198, 200, 201, 202, 203, 204, 205, 206, 207, 208, 209, 210, 211, 215, 216, 217, 218, 219, 220, 221, 222, 223, 224, 225, 227, 228, 229, 230, 232, 233, 234, 235, 236, 237, 238, 239, 240, 241, 242, 243, 244, 246, 247, 248, 249, 251, 253, 254, 255, 256, 258, 259, 260, 261, 262, 264, 265, 266, 267, 271, 272, 273, 274, 275, 276, 277, 278, 279, 280, 281, 282], "summary": {"covered_lines": 82, "num_statements": 82, "percent_covered": 100.0, "percent_covered_display": "100", "missing_lines": 0, "excluded_lines": 0}, "missing_lines": [], "excluded_lines": []}, "_fallback_plain": {"executed_lines": [291, 292, 293], "summary": {"covered_lines": 3, "num_statements": 3, "percent_covered": 100.0, "percent_covered_display": "100", "missing_lines": 0, "excluded_lines": 0}, "missing_lines": [], "excluded_lines": []}, "parse_ssml": {"executed_lines": [318, 319, 328, 329, 330, 331, 336, 337, 343, 344, 345, 348, 349, 350, 352, 353, 355, 356, 357, 359], "summary": {"covered_lines": 20, "num_statements": 20, "percent_covered": 100.0, "percent_covered_display": "100", "missing_lines": 0, "excluded_lines": 0}, "missing_lines": [], "excluded_lines": []}, "": {"executed_lines": [1, 33, 35, 36, 37, 38, 39, 41, 45, 49, 52, 59, 62, 67, 68, 69, 74, 75, 76, 77, 80, 81, 82, 90, 91, 92, 95, 110, 120, 168, 176, 285, 307, 366], "summary": {"covered_lines": 31, "num_statements": 31, "percent_covered": 100.0, "percent_covered_display": "100", "missing_lines": 0, "excluded_lines": 0}, "missing_lines": [], "excluded_lines": []}}, "classes": {"Segment": {"executed_lines": [], "summary": {"covered_lines": 0, "num_statements": 0, "percent_covered": 100.0, "percent_covered_display": "100", "missing_lines": 0, "excluded_lines": 0}, "missing_lines": [], "excluded_lines": []}, "ParsedSSML": {"executed_lines": [], "summary": {"covered_lines": 0, "num_statements": 0, "percent_covered": 100.0, "percent_covered_display": "100", "missing_lines": 0, "excluded_lines": 0}, "missing_lines": [], "excluded_lines": []}, "": {"executed_lines": [1, 33, 35, 36, 37, 38, 39, 41, 45, 49, 52, 59, 62, 67, 68, 69, 74, 75, 76, 77, 80, 81, 82, 90, 91, 92, 95, 100, 101, 102, 103, 104, 105, 106, 107, 110, 117, 120, 128, 129, 130, 131, 132, 133, 136, 138, 139, 140, 141, 143, 144, 145, 146, 147, 148, 149, 150, 152, 153, 154, 155, 156, 157, 158, 159, 160, 161, 162, 165, 168, 170, 171, 172, 173, 176, 186, 188, 189, 190, 191, 192, 193, 194, 195, 196, 197, 198, 200, 201, 202, 203, 204, 205, 206, 207, 208, 209, 210, 211, 215, 216, 217, 218, 219, 220, 221, 222, 223, 224, 225, 227, 228, 229, 230, 232, 233, 234, 235, 236, 237, 238, 239, 240, 241, 242, 243, 244, 246, 247, 248, 249, 251, 253, 254, 255, 256, 258, 259, 260, 261, 262, 264, 265, 266, 267, 271, 272, 273, 274, 275, 276, 277, 278, 279, 280, 281, 282, 285, 291, 292, 293, 307, 318, 319, 328, 329, 330, 331, 336, 337, 343, 344, 345, 348, 349, 350, 352, 353, 355, 356, 357, 359, 366], "summary": {"covered_lines": 180, "num_statements": 180, "percent_covered": 100.0, "percent_covered_display": "100", "missing_lines": 0, "excluded_lines": 0}, "missing_lines": [], "excluded_lines": []}}}, "src/engines/synthesis.py": {"executed_lines": [1, 20, 22, 24, 26, 28, 31, 37, 40, 53, 54, 63, 64, 67, 95, 98, 99, 100, 101, 103, 104, 105], "summary": {"covered_lines": 21, "num_statements": 22, "percent_covered": 95.45454545454545, "percent_covered_display": "95", "missing_lines": 1, "excluded_lines": 0}, "missing_lines": [96], "excluded_lines": [], "functions": {"concat_mp3_chunks": {"executed_lines": [37], "summary": {"covered_lines": 1, "num_statements": 1, "percent_covered": 100.0, "percent_covered_display": "100", "missing_lines": 0, "excluded_lines": 0}, "missing_lines": [], "excluded_lines": []}, "synthesize_one": {"executed_lines": [53, 54, 63, 64], "summary": {"covered_lines": 4, "num_statements": 4, "percent_covered": 100.0, "percent_covered_display": "100", "missing_lines": 0, "excluded_lines": 0}, "missing_lines": [], "excluded_lines": []}, "synthesize_chunks": {"executed_lines": [95, 98, 99, 100, 101, 103, 104, 105], "summary": {"covered_lines": 8, "num_statements": 9, "percent_covered": 88.88888888888889, "percent_covered_display": "89", "missing_lines": 1, "excluded_lines": 0}, "missing_lines": [96], "excluded_lines": []}, "": {"executed_lines": [1, 20, 22, 24, 26, 28, 31, 40, 67], "summary": {"covered_lines": 8, "num_statements": 8, "percent_covered": 100.0, "percent_covered_display": "100", "missing_lines": 0, "excluded_lines": 0}, "missing_lines": [], "excluded_lines": []}}, "classes": {"": {"executed_lines": [1, 20, 22, 24, 26, 28, 31, 37, 40, 53, 54, 63, 64, 67, 95, 98, 99, 100, 101, 103, 104, 105], "summary": {"covered_lines": 21, "num_statements": 22, "percent_covered": 95.45454545454545, "percent_covered_display": "95", "missing_lines": 1, "excluded_lines": 0}, "missing_lines": [96], "excluded_lines": []}}}, "src/engines/taiwan_linguistic.py": {"executed_lines": [1, 20, 22, 23, 28, 33, 104, 109, 119, 120, 121, 124], "summary": {"covered_lines": 11, "num_statements": 11, "percent_covered": 100.0, "percent_covered_display": "100", "missing_lines": 0, "excluded_lines": 0}, "missing_lines": [], "excluded_lines": [], "functions": {"apply_lexicon": {"executed_lines": [119, 120, 121], "summary": {"covered_lines": 3, "num_statements": 3, "percent_covered": 100.0, "percent_covered_display": "100", "missing_lines": 0, "excluded_lines": 0}, "missing_lines": [], "excluded_lines": []}, "": {"executed_lines": [1, 20, 22, 23, 28, 33, 104, 109, 124], "summary": {"covered_lines": 8, "num_statements": 8, "percent_covered": 100.0, "percent_covered_display": "100", "missing_lines": 0, "excluded_lines": 0}, "missing_lines": [], "excluded_lines": []}}, "classes": {"": {"executed_lines": [1, 20, 22, 23, 28, 33, 104, 109, 119, 120, 121, 124], "summary": {"covered_lines": 11, "num_statements": 11, "percent_covered": 100.0, "percent_covered_display": "100", "missing_lines": 0, "excluded_lines": 0}, "missing_lines": [], "excluded_lines": []}}}, "src/engines/text_splitter.py": {"executed_lines": [1, 15, 17, 18, 21, 24, 25, 26, 29, 32, 34, 37, 39, 42, 46, 47, 48, 49, 51, 52, 55, 72, 73, 75, 79, 82, 83, 86, 87, 88, 89, 91, 93], "summary": {"covered_lines": 32, "num_statements": 32, "percent_covered": 100.0, "percent_covered_display": "100", "missing_lines": 0, "excluded_lines": 0}, "missing_lines": [], "excluded_lines": [], "functions": {"_force_split": {"executed_lines": [34], "summary": {"covered_lines": 1, "num_statements": 1, "percent_covered": 100.0, "percent_covered_display": "100", "missing_lines": 0, "excluded_lines": 0}, "missing_lines": [], "excluded_lines": []}, "_simple_split": {"executed_lines": [39], "summary": {"covered_lines": 1, "num_statements": 1, "percent_covered": 100.0, "percent_covered_display": "100", "missing_lines": 0, "excluded_lines": 0}, "missing_lines": [], "excluded_lines": []}, "_apply_boundary_tier": {"executed_lines": [46, 47, 48, 49, 51, 52], "summary": {"covered_lines": 6, "num_statements": 6, "percent_covered": 100.0, "percent_covered_display": "100", "missing_lines": 0, "excluded_lines": 0}, "missing_lines": [], "excluded_lines": []}, "split_text": {"executed_lines": [72, 73, 75, 79, 82, 83, 86, 87, 88, 89, 91, 93], "summary": {"covered_lines": 12, "num_statements": 12, "percent_covered": 100.0, "percent_covered_display": "100", "missing_lines": 0, "excluded_lines": 0}, "missing_lines": [], "excluded_lines": []}, "": {"executed_lines": [1, 15, 17, 18, 21, 24, 25, 26, 29, 32, 37, 42, 55], "summary": {"covered_lines": 12, "num_statements": 12, "percent_covered": 100.0, "percent_covered_display": "100", "missing_lines": 0, "excluded_lines": 0}, "missing_lines": [], "excluded_lines": []}}, "classes": {"": {"executed_lines": [1, 15, 17, 18, 21, 24, 25, 26, 29, 32, 34, 37, 39, 42, 46, 47, 48, 49, 51, 52, 55, 72, 73, 75, 79, 82, 83, 86, 87, 88, 89, 91, 93], "summary": {"covered_lines": 32, "num_statements": 32, "percent_covered": 100.0, "percent_covered_display": "100", "missing_lines": 0, "excluded_lines": 0}, "missing_lines": [], "excluded_lines": []}}}, "src/middleware/__init__.py": {"executed_lines": [1], "summary": {"covered_lines": 0, "num_statements": 0, "percent_covered": 100.0, "percent_covered_display": "100", "missing_lines": 0, "excluded_lines": 0}, "missing_lines": [], "excluded_lines": [], "functions": {"": {"executed_lines": [1], "summary": {"covered_lines": 0, "num_statements": 0, "percent_covered": 100.0, "percent_covered_display": "100", "missing_lines": 0, "excluded_lines": 0}, "missing_lines": [], "excluded_lines": []}}, "classes": {"": {"executed_lines": [1], "summary": {"covered_lines": 0, "num_statements": 0, "percent_covered": 100.0, "percent_covered_display": "100", "missing_lines": 0, "excluded_lines": 0}, "missing_lines": [], "excluded_lines": []}}}, "src/middleware/circuit_breaker.py": {"executed_lines": [1, 12, 14, 15, 17, 19, 22, 27, 28, 35, 36, 44, 50, 51, 52, 53, 54, 55, 56, 58, 72, 73, 74, 75, 76, 77, 78, 81, 82, 84, 94, 95, 96, 97, 99, 104, 105, 106, 107, 108, 110, 111, 113, 114, 115, 116, 120, 122, 123, 128, 129, 130, 132, 133, 134, 136, 138, 139, 140], "summary": {"covered_lines": 56, "num_statements": 56, "percent_covered": 100.0, "percent_covered_display": "100", "missing_lines": 0, "excluded_lines": 0}, "missing_lines": [], "excluded_lines": [], "functions": {"CircuitBreaker.__init__": {"executed_lines": [50, 51, 52, 53, 54, 55, 56], "summary": {"covered_lines": 7, "num_statements": 7, "percent_covered": 100.0, "percent_covered_display": "100", "missing_lines": 0, "excluded_lines": 0}, "missing_lines": [], "excluded_lines": []}, "CircuitBreaker._transition": {"executed_lines": [72, 73, 74, 75, 76, 77, 78, 81, 82], "summary": {"covered_lines": 9, "num_statements": 9, "percent_covered": 100.0, "percent_covered_display": "100", "missing_lines": 0, "excluded_lines": 0}, "missing_lines": [], "excluded_lines": []}, "CircuitBreaker.call": {"executed_lines": [94, 95, 96, 97, 99, 104, 105, 106, 107, 108, 110, 111], "summary": {"covered_lines": 12, "num_statements": 12, "percent_covered": 100.0, "percent_covered_display": "100", "missing_lines": 0, "excluded_lines": 0}, "missing_lines": [], "excluded_lines": []}, "CircuitBreaker._on_success": {"executed_lines": [114, 115, 116, 120], "summary": {"covered_lines": 4, "num_statements": 4, "percent_covered": 100.0, "percent_covered_display": "100", "missing_lines": 0, "excluded_lines": 0}, "missing_lines": [], "excluded_lines": []}, "CircuitBreaker._on_failure": {"executed_lines": [123, 128, 129, 130, 132, 133, 134], "summary": {"covered_lines": 7, "num_statements": 7, "percent_covered": 100.0, "percent_covered_display": "100", "missing_lines": 0, "excluded_lines": 0}, "missing_lines": [], "excluded_lines": []}, "CircuitBreaker.reset": {"executed_lines": [138, 139, 140], "summary": {"covered_lines": 3, "num_statements": 3, "percent_covered": 100.0, "percent_covered_display": "100", "missing_lines": 0, "excluded_lines": 0}, "missing_lines": [], "excluded_lines": []}, "": {"executed_lines": [1, 12, 14, 15, 17, 19, 22, 27, 28, 35, 36, 44, 58, 84, 113, 122, 136], "summary": {"covered_lines": 14, "num_statements": 14, "percent_covered": 100.0, "percent_covered_display": "100", "missing_lines": 0, "excluded_lines": 0}, "missing_lines": [], "excluded_lines": []}}, "classes": {"CircuitOpenError": {"executed_lines": [], "summary": {"covered_lines": 0, "num_statements": 0, "percent_covered": 100.0, "percent_covered_display": "100", "missing_lines": 0, "excluded_lines": 0}, "missing_lines": [], "excluded_lines": []}, "CircuitBreaker": {"executed_lines": [50, 51, 52, 53, 54, 55, 56, 72, 73, 74, 75, 76, 77, 78, 81, 82, 94, 95, 96, 97, 99, 104, 105, 106, 107, 108, 110, 111, 114, 115, 116, 120, 123, 128, 129, 130, 132, 133, 134, 138, 139, 140], "summary": {"covered_lines": 42, "num_statements": 42, "percent_covered": 100.0, "percent_covered_display": "100", "missing_lines": 0, "excluded_lines": 0}, "missing_lines": [], "excluded_lines": []}, "": {"executed_lines": [1, 12, 14, 15, 17, 19, 22, 27, 28, 35, 36, 44, 58, 84, 113, 122, 136], "summary": {"covered_lines": 14, "num_statements": 14, "percent_covered": 100.0, "percent_covered_display": "100", "missing_lines": 0, "excluded_lines": 0}, "missing_lines": [], "excluded_lines": []}}}, "src/routers/__init__.py": {"executed_lines": [1], "summary": {"covered_lines": 0, "num_statements": 0, "percent_covered": 100.0, "percent_covered_display": "100", "missing_lines": 0, "excluded_lines": 0}, "missing_lines": [], "excluded_lines": [], "functions": {"": {"executed_lines": [1], "summary": {"covered_lines": 0, "num_statements": 0, "percent_covered": 100.0, "percent_covered_display": "100", "missing_lines": 0, "excluded_lines": 0}, "missing_lines": [], "excluded_lines": []}}, "classes": {"": {"executed_lines": [1], "summary": {"covered_lines": 0, "num_statements": 0, "percent_covered": 100.0, "percent_covered_display": "100", "missing_lines": 0, "excluded_lines": 0}, "missing_lines": [], "excluded_lines": []}}}, "src/routers/health.py": {"executed_lines": [1, 11, 13, 15, 17, 22, 25, 26, 28, 38, 39, 41, 42], "summary": {"covered_lines": 12, "num_statements": 12, "percent_covered": 100.0, "percent_covered_display": "100", "missing_lines": 0, "excluded_lines": 0}, "missing_lines": [], "excluded_lines": [], "functions": {"get_circuit_state": {"executed_lines": [28], "summary": {"covered_lines": 1, "num_statements": 1, "percent_covered": 100.0, "percent_covered_display": "100", "missing_lines": 0, "excluded_lines": 0}, "missing_lines": [], "excluded_lines": []}, "post_circuit_reset": {"executed_lines": [41, 42], "summary": {"covered_lines": 2, "num_statements": 2, "percent_covered": 100.0, "percent_covered_display": "100", "missing_lines": 0, "excluded_lines": 0}, "missing_lines": [], "excluded_lines": []}, "": {"executed_lines": [1, 11, 13, 15, 17, 22, 25, 26, 38, 39], "summary": {"covered_lines": 9, "num_statements": 9, "percent_covered": 100.0, "percent_covered_display": "100", "missing_lines": 0, "excluded_lines": 0}, "missing_lines": [], "excluded_lines": []}}, "classes": {"": {"executed_lines": [1, 11, 13, 15, 17, 22, 25, 26, 28, 38, 39, 41, 42], "summary": {"covered_lines": 12, "num_statements": 12, "percent_covered": 100.0, "percent_covered_display": "100", "missing_lines": 0, "excluded_lines": 0}, "missing_lines": [], "excluded_lines": []}}}}, "totals": {"covered_lines": 443, "num_statements": 455, "percent_covered": 97.36263736263736, "percent_covered_display": "97", "missing_lines": 12, "excluded_lines": 0}}