{"meta": {"format": 3, "version": "7.14.1", "timestamp": "2026-06-04T14:32:50.344817", "branch_coverage": false, "show_contexts": false}, "files": {"03-development/src/__init__.py": {"executed_lines": [], "summary": {"covered_lines": 0, "num_statements": 0, "percent_covered": 100.0, "percent_covered_display": "100", "missing_lines": 0, "excluded_lines": 0, "percent_statements_covered": 100.0, "percent_statements_covered_display": "100"}, "missing_lines": [], "excluded_lines": [], "functions": {"": {"executed_lines": [], "summary": {"covered_lines": 0, "num_statements": 0, "percent_covered": 100.0, "percent_covered_display": "100", "missing_lines": 0, "excluded_lines": 0, "percent_statements_covered": 100.0, "percent_statements_covered_display": "100"}, "missing_lines": [], "excluded_lines": [], "start_line": 1}}, "classes": {"": {"executed_lines": [], "summary": {"covered_lines": 0, "num_statements": 0, "percent_covered": 100.0, "percent_covered_display": "100", "missing_lines": 0, "excluded_lines": 0, "percent_statements_covered": 100.0, "percent_statements_covered_display": "100"}, "missing_lines": [], "excluded_lines": [], "start_line": 1}}}, "03-development/src/config.py": {"executed_lines": [], "summary": {"covered_lines": 0, "num_statements": 19, "percent_covered": 0.0, "percent_covered_display": "0", "missing_lines": 19, "excluded_lines": 0, "percent_statements_covered": 0.0, "percent_statements_covered_display": "0"}, "missing_lines": [8, 10, 11, 14, 17, 22, 23, 26, 29, 32, 35, 36, 39, 40, 43, 46, 49, 60, 63], "excluded_lines": [], "functions": {"": {"executed_lines": [], "summary": {"covered_lines": 0, "num_statements": 19, "percent_covered": 0.0, "percent_covered_display": "0", "missing_lines": 19, "excluded_lines": 0, "percent_statements_covered": 0.0, "percent_statements_covered_display": "0"}, "missing_lines": [8, 10, 11, 14, 17, 22, 23, 26, 29, 32, 35, 36, 39, 40, 43, 46, 49, 60, 63], "excluded_lines": [], "start_line": 1}}, "classes": {"": {"executed_lines": [], "summary": {"covered_lines": 0, "num_statements": 19, "percent_covered": 0.0, "percent_covered_display": "0", "missing_lines": 19, "excluded_lines": 0, "percent_statements_covered": 0.0, "percent_statements_covered_display": "0"}, "missing_lines": [8, 10, 11, 14, 17, 22, 23, 26, 29, 32, 35, 36, 39, 40, 43, 46, 49, 60, 63], "excluded_lines": [], "start_line": 1}}}, "03-development/src/engines/__init__.py": {"executed_lines": [], "summary": {"covered_lines": 0, "num_statements": 0, "percent_covered": 100.0, "percent_covered_display": "100", "missing_lines": 0, "excluded_lines": 0, "percent_statements_covered": 100.0, "percent_statements_covered_display": "100"}, "missing_lines": [], "excluded_lines": [], "functions": {"": {"executed_lines": [], "summary": {"covered_lines": 0, "num_statements": 0, "percent_covered": 100.0, "percent_covered_display": "100", "missing_lines": 0, "excluded_lines": 0, "percent_statements_covered": 100.0, "percent_statements_covered_display": "100"}, "missing_lines": [], "excluded_lines": [], "start_line": 1}}, "classes": {"": {"executed_lines": [], "summary": {"covered_lines": 0, "num_statements": 0, "percent_covered": 100.0, "percent_covered_display": "100", "missing_lines": 0, "excluded_lines": 0, "percent_statements_covered": 100.0, "percent_statements_covered_display": "100"}, "missing_lines": [], "excluded_lines": [], "start_line": 1}}}, "03-development/src/engines/ssml_parser.py": {"executed_lines": [33, 35, 36, 37, 38, 39, 41, 45, 49, 52, 59, 62, 67, 68, 74, 75, 76, 77, 80, 81, 90, 91, 92, 95, 100, 101, 103, 104, 105, 107, 110, 120, 128, 129, 131, 132, 138, 140, 143, 144, 146, 148, 150, 152, 153, 168, 170, 171, 173, 176, 186, 188, 189, 190, 191, 192, 193, 198, 200, 201, 202, 203, 204, 209, 210, 211, 215, 216, 217, 218, 219, 220, 225, 227, 228, 229, 230, 232, 233, 234, 235, 236, 237, 238, 239, 244, 246, 247, 248, 249, 251, 253, 254, 255, 256, 258, 259, 260, 261, 262, 265, 266, 267, 285, 291, 292, 293, 307, 318, 328, 329, 330, 331, 336, 343, 344, 345, 348, 349, 350, 352, 353, 355, 356, 357, 359, 366], "summary": {"covered_lines": 127, "num_statements": 180, "percent_covered": 70.55555555555556, "percent_covered_display": "71", "missing_lines": 53, "excluded_lines": 0, "percent_statements_covered": 70.55555555555556, "percent_statements_covered_display": "71"}, "missing_lines": [102, 106, 117, 130, 133, 136, 139, 141, 145, 147, 149, 154, 155, 156, 157, 158, 159, 160, 161, 162, 165, 172, 194, 195, 196, 197, 205, 206, 207, 208, 221, 222, 223, 224, 240, 241, 242, 243, 264, 271, 272, 273, 274, 275, 276, 277, 278, 279, 280, 281, 282, 319, 337], "excluded_lines": [], "functions": {"_parse_break_time": {"executed_lines": [100, 101, 103, 104, 105, 107], "summary": {"covered_lines": 6, "num_statements": 8, "percent_covered": 75.0, "percent_covered_display": "75", "missing_lines": 2, "excluded_lines": 0, "percent_statements_covered": 75.0, "percent_statements_covered_display": "75"}, "missing_lines": [102, 106], "excluded_lines": [], "start_line": 95}, "_digits_to_chinese": {"executed_lines": [], "summary": {"covered_lines": 0, "num_statements": 1, "percent_covered": 0.0, "percent_covered_display": "0", "missing_lines": 1, "excluded_lines": 0, "percent_statements_covered": 0.0, "percent_statements_covered_display": "0"}, "missing_lines": [117], "excluded_lines": [], "start_line": 110}, "_cardinal_to_chinese": {"executed_lines": [128, 129, 131, 132, 138, 140, 143, 152, 153], "summary": {"covered_lines": 9, "num_statements": 24, "percent_covered": 37.5, "percent_covered_display": "38", "missing_lines": 15, "excluded_lines": 0, "percent_statements_covered": 37.5, "percent_statements_covered_display": "38"}, "missing_lines": [130, 133, 136, 139, 141, 154, 155, 156, 157, 158, 159, 160, 161, 162, 165], "excluded_lines": [], "start_line": 120}, "_cardinal_to_chinese.under_100": {"executed_lines": [144, 146, 148, 150], "summary": {"covered_lines": 4, "num_statements": 7, "percent_covered": 57.142857142857146, "percent_covered_display": "57", "missing_lines": 3, "excluded_lines": 0, "percent_statements_covered": 57.142857142857146, "percent_statements_covered_display": "57"}, "missing_lines": [145, 147, 149], "excluded_lines": [], "start_line": 143}, "_local_tag": {"executed_lines": [170, 171, 173], "summary": {"covered_lines": 3, "num_statements": 4, "percent_covered": 75.0, "percent_covered_display": "75", "missing_lines": 1, "excluded_lines": 0, "percent_statements_covered": 75.0, "percent_statements_covered_display": "75"}, "missing_lines": [172], "excluded_lines": [], "start_line": 168}, "_emit": {"executed_lines": [186, 188, 189, 190, 191, 192, 193, 198, 200, 201, 202, 203, 204, 209, 210, 211, 215, 216, 217, 218, 219, 220, 225, 227, 228, 229, 230, 232, 233, 234, 235, 236, 237, 238, 239, 244, 246, 247, 248, 249, 251, 253, 254, 255, 256, 258, 259, 260, 261, 262, 265, 266, 267], "summary": {"covered_lines": 53, "num_statements": 82, "percent_covered": 64.63414634146342, "percent_covered_display": "65", "missing_lines": 29, "excluded_lines": 0, "percent_statements_covered": 64.63414634146342, "percent_statements_covered_display": "65"}, "missing_lines": [194, 195, 196, 197, 205, 206, 207, 208, 221, 222, 223, 224, 240, 241, 242, 243, 264, 271, 272, 273, 274, 275, 276, 277, 278, 279, 280, 281, 282], "excluded_lines": [], "start_line": 176}, "_fallback_plain": {"executed_lines": [291, 292, 293], "summary": {"covered_lines": 3, "num_statements": 3, "percent_covered": 100.0, "percent_covered_display": "100", "missing_lines": 0, "excluded_lines": 0, "percent_statements_covered": 100.0, "percent_statements_covered_display": "100"}, "missing_lines": [], "excluded_lines": [], "start_line": 285}, "parse_ssml": {"executed_lines": [318, 328, 329, 330, 331, 336, 343, 344, 345, 348, 349, 350, 352, 353, 355, 356, 357, 359], "summary": {"covered_lines": 18, "num_statements": 20, "percent_covered": 90.0, "percent_covered_display": "90", "missing_lines": 2, "excluded_lines": 0, "percent_statements_covered": 90.0, "percent_statements_covered_display": "90"}, "missing_lines": [319, 337], "excluded_lines": [], "start_line": 307}, "": {"executed_lines": [33, 35, 36, 37, 38, 39, 41, 45, 49, 52, 59, 62, 67, 68, 74, 75, 76, 77, 80, 81, 90, 91, 92, 95, 110, 120, 168, 176, 285, 307, 366], "summary": {"covered_lines": 31, "num_statements": 31, "percent_covered": 100.0, "percent_covered_display": "100", "missing_lines": 0, "excluded_lines": 0, "percent_statements_covered": 100.0, "percent_statements_covered_display": "100"}, "missing_lines": [], "excluded_lines": [], "start_line": 1}}, "classes": {"Segment": {"executed_lines": [], "summary": {"covered_lines": 0, "num_statements": 0, "percent_covered": 100.0, "percent_covered_display": "100", "missing_lines": 0, "excluded_lines": 0, "percent_statements_covered": 100.0, "percent_statements_covered_display": "100"}, "missing_lines": [], "excluded_lines": [], "start_line": 68}, "ParsedSSML": {"executed_lines": [], "summary": {"covered_lines": 0, "num_statements": 0, "percent_covered": 100.0, "percent_covered_display": "100", "missing_lines": 0, "excluded_lines": 0, "percent_statements_covered": 100.0, "percent_statements_covered_display": "100"}, "missing_lines": [], "excluded_lines": [], "start_line": 81}, "": {"executed_lines": [33, 35, 36, 37, 38, 39, 41, 45, 49, 52, 59, 62, 67, 68, 74, 75, 76, 77, 80, 81, 90, 91, 92, 95, 100, 101, 103, 104, 105, 107, 110, 120, 128, 129, 131, 132, 138, 140, 143, 144, 146, 148, 150, 152, 153, 168, 170, 171, 173, 176, 186, 188, 189, 190, 191, 192, 193, 198, 200, 201, 202, 203, 204, 209, 210, 211, 215, 216, 217, 218, 219, 220, 225, 227, 228, 229, 230, 232, 233, 234, 235, 236, 237, 238, 239, 244, 246, 247, 248, 249, 251, 253, 254, 255, 256, 258, 259, 260, 261, 262, 265, 266, 267, 285, 291, 292, 293, 307, 318, 328, 329, 330, 331, 336, 343, 344, 345, 348, 349, 350, 352, 353, 355, 356, 357, 359, 366], "summary": {"covered_lines": 127, "num_statements": 180, "percent_covered": 70.55555555555556, "percent_covered_display": "71", "missing_lines": 53, "excluded_lines": 0, "percent_statements_covered": 70.55555555555556, "percent_statements_covered_display": "71"}, "missing_lines": [102, 106, 117, 130, 133, 136, 139, 141, 145, 147, 149, 154, 155, 156, 157, 158, 159, 160, 161, 162, 165, 172, 194, 195, 196, 197, 205, 206, 207, 208, 221, 222, 223, 224, 240, 241, 242, 243, 264, 271, 272, 273, 274, 275, 276, 277, 278, 279, 280, 281, 282, 319, 337], "excluded_lines": [], "start_line": 1}}}, "03-development/src/engines/taiwan_linguistic.py": {"executed_lines": [], "summary": {"covered_lines": 0, "num_statements": 11, "percent_covered": 0.0, "percent_covered_display": "0", "missing_lines": 11, "excluded_lines": 0, "percent_statements_covered": 0.0, "percent_statements_covered_display": "0"}, "missing_lines": [20, 22, 23, 28, 33, 104, 109, 119, 120, 121, 124], "excluded_lines": [], "functions": {"apply_lexicon": {"executed_lines": [], "summary": {"covered_lines": 0, "num_statements": 3, "percent_covered": 0.0, "percent_covered_display": "0", "missing_lines": 3, "excluded_lines": 0, "percent_statements_covered": 0.0, "percent_statements_covered_display": "0"}, "missing_lines": [119, 120, 121], "excluded_lines": [], "start_line": 109}, "": {"executed_lines": [], "summary": {"covered_lines": 0, "num_statements": 8, "percent_covered": 0.0, "percent_covered_display": "0", "missing_lines": 8, "excluded_lines": 0, "percent_statements_covered": 0.0, "percent_statements_covered_display": "0"}, "missing_lines": [20, 22, 23, 28, 33, 104, 109, 124], "excluded_lines": [], "start_line": 1}}, "classes": {"": {"executed_lines": [], "summary": {"covered_lines": 0, "num_statements": 11, "percent_covered": 0.0, "percent_covered_display": "0", "missing_lines": 11, "excluded_lines": 0, "percent_statements_covered": 0.0, "percent_statements_covered_display": "0"}, "missing_lines": [20, 22, 23, 28, 33, 104, 109, 119, 120, 121, 124], "excluded_lines": [], "start_line": 1}}}}, "totals": {"covered_lines": 127, "num_statements": 210, "percent_covered": 60.476190476190474, "percent_covered_display": "60", "missing_lines": 83, "excluded_lines": 0, "percent_statements_covered": 60.476190476190474, "percent_statements_covered_display": "60"}}