{"meta": {"format": 3, "version": "7.10.7", "timestamp": "2026-06-05T23:43:01.950007", "branch_coverage": false, "show_contexts": false}, "files": {"03-development/src/audio_converter.py": {"executed_lines": [1, 14, 16, 17, 18, 19, 22, 23, 31, 32, 40, 47, 92, 108], "summary": {"covered_lines": 11, "num_statements": 36, "percent_covered": 30.555555555555557, "percent_covered_display": "31", "missing_lines": 25, "excluded_lines": 4}, "missing_lines": [41, 55, 56, 58, 59, 61, 62, 63, 64, 65, 66, 68, 69, 74, 75, 76, 78, 79, 81, 82, 85, 86, 87, 105, 122], "excluded_lines": [83, 84, 88, 89], "functions": {"FFmpegUnavailableError.__init__": {"executed_lines": [], "summary": {"covered_lines": 0, "num_statements": 1, "percent_covered": 0.0, "percent_covered_display": "0", "missing_lines": 1, "excluded_lines": 0}, "missing_lines": [41], "excluded_lines": []}, "_run_ffmpeg": {"executed_lines": [], "summary": {"covered_lines": 0, "num_statements": 22, "percent_covered": 0.0, "percent_covered_display": "0", "missing_lines": 22, "excluded_lines": 4}, "missing_lines": [55, 56, 58, 59, 61, 62, 63, 64, 65, 66, 68, 69, 74, 75, 76, 78, 79, 81, 82, 85, 86, 87], "excluded_lines": [83, 84, 88, 89]}, "convert_mp3_to_wav": {"executed_lines": [], "summary": {"covered_lines": 0, "num_statements": 1, "percent_covered": 0.0, "percent_covered_display": "0", "missing_lines": 1, "excluded_lines": 0}, "missing_lines": [105], "excluded_lines": []}, "convert_wav_to_mp3": {"executed_lines": [], "summary": {"covered_lines": 0, "num_statements": 1, "percent_covered": 0.0, "percent_covered_display": "0", "missing_lines": 1, "excluded_lines": 0}, "missing_lines": [122], "excluded_lines": []}, "": {"executed_lines": [1, 14, 16, 17, 18, 19, 22, 23, 31, 32, 40, 47, 92, 108], "summary": {"covered_lines": 11, "num_statements": 11, "percent_covered": 100.0, "percent_covered_display": "100", "missing_lines": 0, "excluded_lines": 0}, "missing_lines": [], "excluded_lines": []}}, "classes": {"ConversionError": {"executed_lines": [], "summary": {"covered_lines": 0, "num_statements": 0, "percent_covered": 100.0, "percent_covered_display": "100", "missing_lines": 0, "excluded_lines": 0}, "missing_lines": [], "excluded_lines": []}, "FFmpegUnavailableError": {"executed_lines": [], "summary": {"covered_lines": 0, "num_statements": 1, "percent_covered": 0.0, "percent_covered_display": "0", "missing_lines": 1, "excluded_lines": 0}, "missing_lines": [41], "excluded_lines": []}, "": {"executed_lines": [1, 14, 16, 17, 18, 19, 22, 23, 31, 32, 40, 47, 92, 108], "summary": {"covered_lines": 11, "num_statements": 35, "percent_covered": 31.428571428571427, "percent_covered_display": "31", "missing_lines": 24, "excluded_lines": 4}, "missing_lines": [55, 56, 58, 59, 61, 62, 63, 64, 65, 66, 68, 69, 74, 75, 76, 78, 79, 81, 82, 85, 86, 87, 105, 122], "excluded_lines": [83, 84, 88, 89]}}}, "03-development/src/cli.py": {"executed_lines": [1, 15, 17, 18, 19, 21, 23, 26, 55, 72], "summary": {"covered_lines": 9, "num_statements": 51, "percent_covered": 17.647058823529413, "percent_covered_display": "18", "missing_lines": 42, "excluded_lines": 1}, "missing_lines": [32, 36, 38, 40, 42, 44, 46, 48, 50, 52, 63, 64, 68, 69, 79, 82, 84, 85, 86, 87, 89, 90, 91, 92, 93, 94, 96, 98, 99, 100, 102, 103, 104, 105, 106, 108, 109, 112, 113, 114, 115, 117], "excluded_lines": [80], "functions": {"_parse_args": {"executed_lines": [], "summary": {"covered_lines": 0, "num_statements": 10, "percent_covered": 0.0, "percent_covered_display": "0", "missing_lines": 10, "excluded_lines": 0}, "missing_lines": [32, 36, 38, 40, 42, 44, 46, 48, 50, 52], "excluded_lines": []}, "_synthesize_text": {"executed_lines": [], "summary": {"covered_lines": 0, "num_statements": 4, "percent_covered": 0.0, "percent_covered_display": "0", "missing_lines": 4, "excluded_lines": 0}, "missing_lines": [63, 64, 68, 69], "excluded_lines": []}, "main": {"executed_lines": [], "summary": {"covered_lines": 0, "num_statements": 28, "percent_covered": 0.0, "percent_covered_display": "0", "missing_lines": 28, "excluded_lines": 1}, "missing_lines": [79, 82, 84, 85, 86, 87, 89, 90, 91, 92, 93, 94, 96, 98, 99, 100, 102, 103, 104, 105, 106, 108, 109, 112, 113, 114, 115, 117], "excluded_lines": [80]}, "": {"executed_lines": [1, 15, 17, 18, 19, 21, 23, 26, 55, 72], "summary": {"covered_lines": 9, "num_statements": 9, "percent_covered": 100.0, "percent_covered_display": "100", "missing_lines": 0, "excluded_lines": 0}, "missing_lines": [], "excluded_lines": []}}, "classes": {"": {"executed_lines": [1, 15, 17, 18, 19, 21, 23, 26, 55, 72], "summary": {"covered_lines": 9, "num_statements": 51, "percent_covered": 17.647058823529413, "percent_covered_display": "18", "missing_lines": 42, "excluded_lines": 1}, "missing_lines": [32, 36, 38, 40, 42, 44, 46, 48, 50, 52, 63, 64, 68, 69, 79, 82, 84, 85, 86, 87, 89, 90, 91, 92, 93, 94, 96, 98, 99, 100, 102, 103, 104, 105, 106, 108, 109, 112, 113, 114, 115, 117], "excluded_lines": [80]}}}, "03-development/src/config.py": {"executed_lines": [1, 8, 10, 11, 14, 17, 22, 23, 26, 29, 32, 35, 36, 39, 40, 43, 46, 49, 60, 63], "summary": {"covered_lines": 19, "num_statements": 19, "percent_covered": 100.0, "percent_covered_display": "100", "missing_lines": 0, "excluded_lines": 0}, "missing_lines": [], "excluded_lines": [], "functions": {"": {"executed_lines": [1, 8, 10, 11, 14, 17, 22, 23, 26, 29, 32, 35, 36, 39, 40, 43, 46, 49, 60, 63], "summary": {"covered_lines": 19, "num_statements": 19, "percent_covered": 100.0, "percent_covered_display": "100", "missing_lines": 0, "excluded_lines": 0}, "missing_lines": [], "excluded_lines": []}}, "classes": {"": {"executed_lines": [1, 8, 10, 11, 14, 17, 22, 23, 26, 29, 32, 35, 36, 39, 40, 43, 46, 49, 60, 63], "summary": {"covered_lines": 19, "num_statements": 19, "percent_covered": 100.0, "percent_covered_display": "100", "missing_lines": 0, "excluded_lines": 0}, "missing_lines": [], "excluded_lines": []}}}, "03-development/src/engines/ssml_parser.py": {"executed_lines": [1, 33, 35, 36, 37, 38, 39, 41, 45, 49, 52, 59, 62, 67, 68, 69, 74, 75, 76, 77, 80, 81, 82, 90, 91, 92, 95, 110, 120, 168, 176, 285, 307, 366], "summary": {"covered_lines": 31, "num_statements": 180, "percent_covered": 17.22222222222222, "percent_covered_display": "17", "missing_lines": 149, "excluded_lines": 0}, "missing_lines": [100, 101, 102, 103, 104, 105, 106, 107, 117, 128, 129, 130, 131, 132, 133, 136, 138, 139, 140, 141, 143, 144, 145, 146, 147, 148, 149, 150, 152, 153, 154, 155, 156, 157, 158, 159, 160, 161, 162, 165, 170, 171, 172, 173, 186, 188, 189, 190, 191, 192, 193, 194, 195, 196, 197, 198, 200, 201, 202, 203, 204, 205, 206, 207, 208, 209, 210, 211, 215, 216, 217, 218, 219, 220, 221, 222, 223, 224, 225, 227, 228, 229, 230, 232, 233, 234, 235, 236, 237, 238, 239, 240, 241, 242, 243, 244, 246, 247, 248, 249, 251, 253, 254, 255, 256, 258, 259, 260, 261, 262, 264, 265, 266, 267, 271, 272, 273, 274, 275, 276, 277, 278, 279, 280, 281, 282, 291, 292, 293, 318, 319, 328, 329, 330, 331, 336, 337, 343, 344, 345, 348, 349, 350, 352, 353, 355, 356, 357, 359], "excluded_lines": [], "functions": {"_parse_break_time": {"executed_lines": [], "summary": {"covered_lines": 0, "num_statements": 8, "percent_covered": 0.0, "percent_covered_display": "0", "missing_lines": 8, "excluded_lines": 0}, "missing_lines": [100, 101, 102, 103, 104, 105, 106, 107], "excluded_lines": []}, "_digits_to_chinese": {"executed_lines": [], "summary": {"covered_lines": 0, "num_statements": 1, "percent_covered": 0.0, "percent_covered_display": "0", "missing_lines": 1, "excluded_lines": 0}, "missing_lines": [117], "excluded_lines": []}, "_cardinal_to_chinese": {"executed_lines": [], "summary": {"covered_lines": 0, "num_statements": 24, "percent_covered": 0.0, "percent_covered_display": "0", "missing_lines": 24, "excluded_lines": 0}, "missing_lines": [128, 129, 130, 131, 132, 133, 136, 138, 139, 140, 141, 143, 152, 153, 154, 155, 156, 157, 158, 159, 160, 161, 162, 165], "excluded_lines": []}, "_cardinal_to_chinese.under_100": {"executed_lines": [], "summary": {"covered_lines": 0, "num_statements": 7, "percent_covered": 0.0, "percent_covered_display": "0", "missing_lines": 7, "excluded_lines": 0}, "missing_lines": [144, 145, 146, 147, 148, 149, 150], "excluded_lines": []}, "_local_tag": {"executed_lines": [], "summary": {"covered_lines": 0, "num_statements": 4, "percent_covered": 0.0, "percent_covered_display": "0", "missing_lines": 4, "excluded_lines": 0}, "missing_lines": [170, 171, 172, 173], "excluded_lines": []}, "_emit": {"executed_lines": [], "summary": {"covered_lines": 0, "num_statements": 82, "percent_covered": 0.0, "percent_covered_display": "0", "missing_lines": 82, "excluded_lines": 0}, "missing_lines": [186, 188, 189, 190, 191, 192, 193, 194, 195, 196, 197, 198, 200, 201, 202, 203, 204, 205, 206, 207, 208, 209, 210, 211, 215, 216, 217, 218, 219, 220, 221, 222, 223, 224, 225, 227, 228, 229, 230, 232, 233, 234, 235, 236, 237, 238, 239, 240, 241, 242, 243, 244, 246, 247, 248, 249, 251, 253, 254, 255, 256, 258, 259, 260, 261, 262, 264, 265, 266, 267, 271, 272, 273, 274, 275, 276, 277, 278, 279, 280, 281, 282], "excluded_lines": []}, "_fallback_plain": {"executed_lines": [], "summary": {"covered_lines": 0, "num_statements": 3, "percent_covered": 0.0, "percent_covered_display": "0", "missing_lines": 3, "excluded_lines": 0}, "missing_lines": [291, 292, 293], "excluded_lines": []}, "parse_ssml": {"executed_lines": [], "summary": {"covered_lines": 0, "num_statements": 20, "percent_covered": 0.0, "percent_covered_display": "0", "missing_lines": 20, "excluded_lines": 0}, "missing_lines": [318, 319, 328, 329, 330, 331, 336, 337, 343, 344, 345, 348, 349, 350, 352, 353, 355, 356, 357, 359], "excluded_lines": []}, "": {"executed_lines": [1, 33, 35, 36, 37, 38, 39, 41, 45, 49, 52, 59, 62, 67, 68, 69, 74, 75, 76, 77, 80, 81, 82, 90, 91, 92, 95, 110, 120, 168, 176, 285, 307, 366], "summary": {"covered_lines": 31, "num_statements": 31, "percent_covered": 100.0, "percent_covered_display": "100", "missing_lines": 0, "excluded_lines": 0}, "missing_lines": [], "excluded_lines": []}}, "classes": {"Segment": {"executed_lines": [], "summary": {"covered_lines": 0, "num_statements": 0, "percent_covered": 100.0, "percent_covered_display": "100", "missing_lines": 0, "excluded_lines": 0}, "missing_lines": [], "excluded_lines": []}, "ParsedSSML": {"executed_lines": [], "summary": {"covered_lines": 0, "num_statements": 0, "percent_covered": 100.0, "percent_covered_display": "100", "missing_lines": 0, "excluded_lines": 0}, "missing_lines": [], "excluded_lines": []}, "": {"executed_lines": [1, 33, 35, 36, 37, 38, 39, 41, 45, 49, 52, 59, 62, 67, 68, 69, 74, 75, 76, 77, 80, 81, 82, 90, 91, 92, 95, 110, 120, 168, 176, 285, 307, 366], "summary": {"covered_lines": 31, "num_statements": 180, "percent_covered": 17.22222222222222, "percent_covered_display": "17", "missing_lines": 149, "excluded_lines": 0}, "missing_lines": [100, 101, 102, 103, 104, 105, 106, 107, 117, 128, 129, 130, 131, 132, 133, 136, 138, 139, 140, 141, 143, 144, 145, 146, 147, 148, 149, 150, 152, 153, 154, 155, 156, 157, 158, 159, 160, 161, 162, 165, 170, 171, 172, 173, 186, 188, 189, 190, 191, 192, 193, 194, 195, 196, 197, 198, 200, 201, 202, 203, 204, 205, 206, 207, 208, 209, 210, 211, 215, 216, 217, 218, 219, 220, 221, 222, 223, 224, 225, 227, 228, 229, 230, 232, 233, 234, 235, 236, 237, 238, 239, 240, 241, 242, 243, 244, 246, 247, 248, 249, 251, 253, 254, 255, 256, 258, 259, 260, 261, 262, 264, 265, 266, 267, 271, 272, 273, 274, 275, 276, 277, 278, 279, 280, 281, 282, 291, 292, 293, 318, 319, 328, 329, 330, 331, 336, 337, 343, 344, 345, 348, 349, 350, 352, 353, 355, 356, 357, 359], "excluded_lines": []}}}, "03-development/src/engines/synthesis.py": {"executed_lines": [1, 20, 22, 24, 26, 28, 31, 40, 67], "summary": {"covered_lines": 8, "num_statements": 22, "percent_covered": 36.36363636363637, "percent_covered_display": "36", "missing_lines": 14, "excluded_lines": 0}, "missing_lines": [37, 53, 54, 63, 64, 95, 96, 98, 99, 100, 101, 103, 104, 105], "excluded_lines": [], "functions": {"concat_mp3_chunks": {"executed_lines": [], "summary": {"covered_lines": 0, "num_statements": 1, "percent_covered": 0.0, "percent_covered_display": "0", "missing_lines": 1, "excluded_lines": 0}, "missing_lines": [37], "excluded_lines": []}, "synthesize_one": {"executed_lines": [], "summary": {"covered_lines": 0, "num_statements": 4, "percent_covered": 0.0, "percent_covered_display": "0", "missing_lines": 4, "excluded_lines": 0}, "missing_lines": [53, 54, 63, 64], "excluded_lines": []}, "synthesize_chunks": {"executed_lines": [], "summary": {"covered_lines": 0, "num_statements": 9, "percent_covered": 0.0, "percent_covered_display": "0", "missing_lines": 9, "excluded_lines": 0}, "missing_lines": [95, 96, 98, 99, 100, 101, 103, 104, 105], "excluded_lines": []}, "": {"executed_lines": [1, 20, 22, 24, 26, 28, 31, 40, 67], "summary": {"covered_lines": 8, "num_statements": 8, "percent_covered": 100.0, "percent_covered_display": "100", "missing_lines": 0, "excluded_lines": 0}, "missing_lines": [], "excluded_lines": []}}, "classes": {"": {"executed_lines": [1, 20, 22, 24, 26, 28, 31, 40, 67], "summary": {"covered_lines": 8, "num_statements": 22, "percent_covered": 36.36363636363637, "percent_covered_display": "36", "missing_lines": 14, "excluded_lines": 0}, "missing_lines": [37, 53, 54, 63, 64, 95, 96, 98, 99, 100, 101, 103, 104, 105], "excluded_lines": []}}}, "03-development/src/engines/taiwan_linguistic.py": {"executed_lines": [1, 20, 22, 23, 28, 33, 104, 109, 119, 120, 121, 124], "summary": {"covered_lines": 11, "num_statements": 11, "percent_covered": 100.0, "percent_covered_display": "100", "missing_lines": 0, "excluded_lines": 0}, "missing_lines": [], "excluded_lines": [], "functions": {"apply_lexicon": {"executed_lines": [119, 120, 121], "summary": {"covered_lines": 3, "num_statements": 3, "percent_covered": 100.0, "percent_covered_display": "100", "missing_lines": 0, "excluded_lines": 0}, "missing_lines": [], "excluded_lines": []}, "": {"executed_lines": [1, 20, 22, 23, 28, 33, 104, 109, 124], "summary": {"covered_lines": 8, "num_statements": 8, "percent_covered": 100.0, "percent_covered_display": "100", "missing_lines": 0, "excluded_lines": 0}, "missing_lines": [], "excluded_lines": []}}, "classes": {"": {"executed_lines": [1, 20, 22, 23, 28, 33, 104, 109, 119, 120, 121, 124], "summary": {"covered_lines": 11, "num_statements": 11, "percent_covered": 100.0, "percent_covered_display": "100", "missing_lines": 0, "excluded_lines": 0}, "missing_lines": [], "excluded_lines": []}}}, "03-development/src/engines/text_splitter.py": {"executed_lines": [1, 15, 17, 18, 21, 24, 25, 26, 29, 32, 37, 42, 55], "summary": {"covered_lines": 12, "num_statements": 32, "percent_covered": 37.5, "percent_covered_display": "38", "missing_lines": 20, "excluded_lines": 0}, "missing_lines": [34, 39, 46, 47, 48, 49, 51, 52, 72, 73, 75, 79, 82, 83, 86, 87, 88, 89, 91, 93], "excluded_lines": [], "functions": {"_force_split": {"executed_lines": [], "summary": {"covered_lines": 0, "num_statements": 1, "percent_covered": 0.0, "percent_covered_display": "0", "missing_lines": 1, "excluded_lines": 0}, "missing_lines": [34], "excluded_lines": []}, "_simple_split": {"executed_lines": [], "summary": {"covered_lines": 0, "num_statements": 1, "percent_covered": 0.0, "percent_covered_display": "0", "missing_lines": 1, "excluded_lines": 0}, "missing_lines": [39], "excluded_lines": []}, "_apply_boundary_tier": {"executed_lines": [], "summary": {"covered_lines": 0, "num_statements": 6, "percent_covered": 0.0, "percent_covered_display": "0", "missing_lines": 6, "excluded_lines": 0}, "missing_lines": [46, 47, 48, 49, 51, 52], "excluded_lines": []}, "split_text": {"executed_lines": [], "summary": {"covered_lines": 0, "num_statements": 12, "percent_covered": 0.0, "percent_covered_display": "0", "missing_lines": 12, "excluded_lines": 0}, "missing_lines": [72, 73, 75, 79, 82, 83, 86, 87, 88, 89, 91, 93], "excluded_lines": []}, "": {"executed_lines": [1, 15, 17, 18, 21, 24, 25, 26, 29, 32, 37, 42, 55], "summary": {"covered_lines": 12, "num_statements": 12, "percent_covered": 100.0, "percent_covered_display": "100", "missing_lines": 0, "excluded_lines": 0}, "missing_lines": [], "excluded_lines": []}}, "classes": {"": {"executed_lines": [1, 15, 17, 18, 21, 24, 25, 26, 29, 32, 37, 42, 55], "summary": {"covered_lines": 12, "num_statements": 32, "percent_covered": 37.5, "percent_covered_display": "38", "missing_lines": 20, "excluded_lines": 0}, "missing_lines": [34, 39, 46, 47, 48, 49, 51, 52, 72, 73, 75, 79, 82, 83, 86, 87, 88, 89, 91, 93], "excluded_lines": []}}}, "03-development/src/main.py": {"executed_lines": [1, 24, 26, 27, 28, 30, 31, 33, 34, 35, 39, 45, 48, 65, 70, 71, 86, 91, 93, 94, 96, 97, 106, 109], "summary": {"covered_lines": 19, "num_statements": 27, "percent_covered": 70.37037037037037, "percent_covered_display": "70", "missing_lines": 8, "excluded_lines": 23}, "missing_lines": [54, 55, 56, 57, 59, 60, 61, 62], "excluded_lines": [70, 71, 72, 73, 74, 75, 76, 77, 78, 79, 80, 81, 82, 83, 96, 97, 98, 99, 100, 101, 102, 103, 104], "functions": {"sanitize_log_extra": {"executed_lines": [], "summary": {"covered_lines": 0, "num_statements": 8, "percent_covered": 0.0, "percent_covered_display": "0", "missing_lines": 8, "excluded_lines": 0}, "missing_lines": [54, 55, 56, 57, 59, 60, 61, 62], "excluded_lines": []}, "lifespan": {"executed_lines": [], "summary": {"covered_lines": 0, "num_statements": 0, "percent_covered": 100.0, "percent_covered_display": "100", "missing_lines": 0, "excluded_lines": 12}, "missing_lines": [], "excluded_lines": [72, 73, 74, 75, 76, 77, 78, 79, 80, 81, 82, 83]}, "create_app": {"executed_lines": [91, 93, 94, 96, 97, 106], "summary": {"covered_lines": 4, "num_statements": 4, "percent_covered": 100.0, "percent_covered_display": "100", "missing_lines": 0, "excluded_lines": 4}, "missing_lines": [], "excluded_lines": [96, 97, 98, 99]}, "create_app.global_exception_handler": {"executed_lines": [], "summary": {"covered_lines": 0, "num_statements": 0, "percent_covered": 100.0, "percent_covered_display": "100", "missing_lines": 0, "excluded_lines": 5}, "missing_lines": [], "excluded_lines": [100, 101, 102, 103, 104]}, "": {"executed_lines": [1, 24, 26, 27, 28, 30, 31, 33, 34, 35, 39, 45, 48, 65, 70, 71, 86, 109], "summary": {"covered_lines": 15, "num_statements": 15, "percent_covered": 100.0, "percent_covered_display": "100", "missing_lines": 0, "excluded_lines": 2}, "missing_lines": [], "excluded_lines": [70, 71]}}, "classes": {"": {"executed_lines": [1, 24, 26, 27, 28, 30, 31, 33, 34, 35, 39, 45, 48, 65, 70, 71, 86, 91, 93, 94, 96, 97, 106, 109], "summary": {"covered_lines": 19, "num_statements": 27, "percent_covered": 70.37037037037037, "percent_covered_display": "70", "missing_lines": 8, "excluded_lines": 23}, "missing_lines": [54, 55, 56, 57, 59, 60, 61, 62], "excluded_lines": [70, 71, 72, 73, 74, 75, 76, 77, 78, 79, 80, 81, 82, 83, 96, 97, 98, 99, 100, 101, 102, 103, 104]}}}, "03-development/src/middleware/circuit_breaker.py": {"executed_lines": [1, 12, 14, 15, 17, 19, 22, 27, 28, 35, 36, 44, 50, 51, 52, 53, 54, 55, 56, 58, 84, 114, 123, 137], "summary": {"covered_lines": 21, "num_statements": 57, "percent_covered": 36.8421052631579, "percent_covered_display": "37", "missing_lines": 36, "excluded_lines": 0}, "missing_lines": [72, 73, 74, 75, 76, 77, 78, 81, 82, 94, 95, 96, 97, 99, 100, 105, 106, 107, 108, 109, 111, 112, 115, 116, 117, 121, 124, 129, 130, 131, 133, 134, 135, 139, 140, 141], "excluded_lines": [], "functions": {"CircuitBreaker.__init__": {"executed_lines": [50, 51, 52, 53, 54, 55, 56], "summary": {"covered_lines": 7, "num_statements": 7, "percent_covered": 100.0, "percent_covered_display": "100", "missing_lines": 0, "excluded_lines": 0}, "missing_lines": [], "excluded_lines": []}, "CircuitBreaker._transition": {"executed_lines": [], "summary": {"covered_lines": 0, "num_statements": 9, "percent_covered": 0.0, "percent_covered_display": "0", "missing_lines": 9, "excluded_lines": 0}, "missing_lines": [72, 73, 74, 75, 76, 77, 78, 81, 82], "excluded_lines": []}, "CircuitBreaker.call": {"executed_lines": [], "summary": {"covered_lines": 0, "num_statements": 13, "percent_covered": 0.0, "percent_covered_display": "0", "missing_lines": 13, "excluded_lines": 0}, "missing_lines": [94, 95, 96, 97, 99, 100, 105, 106, 107, 108, 109, 111, 112], "excluded_lines": []}, "CircuitBreaker._on_success": {"executed_lines": [], "summary": {"covered_lines": 0, "num_statements": 4, "percent_covered": 0.0, "percent_covered_display": "0", "missing_lines": 4, "excluded_lines": 0}, "missing_lines": [115, 116, 117, 121], "excluded_lines": []}, "CircuitBreaker._on_failure": {"executed_lines": [], "summary": {"covered_lines": 0, "num_statements": 7, "percent_covered": 0.0, "percent_covered_display": "0", "missing_lines": 7, "excluded_lines": 0}, "missing_lines": [124, 129, 130, 131, 133, 134, 135], "excluded_lines": []}, "CircuitBreaker.reset": {"executed_lines": [], "summary": {"covered_lines": 0, "num_statements": 3, "percent_covered": 0.0, "percent_covered_display": "0", "missing_lines": 3, "excluded_lines": 0}, "missing_lines": [139, 140, 141], "excluded_lines": []}, "": {"executed_lines": [1, 12, 14, 15, 17, 19, 22, 27, 28, 35, 36, 44, 58, 84, 114, 123, 137], "summary": {"covered_lines": 14, "num_statements": 14, "percent_covered": 100.0, "percent_covered_display": "100", "missing_lines": 0, "excluded_lines": 0}, "missing_lines": [], "excluded_lines": []}}, "classes": {"CircuitOpenError": {"executed_lines": [], "summary": {"covered_lines": 0, "num_statements": 0, "percent_covered": 100.0, "percent_covered_display": "100", "missing_lines": 0, "excluded_lines": 0}, "missing_lines": [], "excluded_lines": []}, "CircuitBreaker": {"executed_lines": [50, 51, 52, 53, 54, 55, 56], "summary": {"covered_lines": 7, "num_statements": 43, "percent_covered": 16.27906976744186, "percent_covered_display": "16", "missing_lines": 36, "excluded_lines": 0}, "missing_lines": [72, 73, 74, 75, 76, 77, 78, 81, 82, 94, 95, 96, 97, 99, 100, 105, 106, 107, 108, 109, 111, 112, 115, 116, 117, 121, 124, 129, 130, 131, 133, 134, 135, 139, 140, 141], "excluded_lines": []}, "": {"executed_lines": [1, 12, 14, 15, 17, 19, 22, 27, 28, 35, 36, 44, 58, 84, 114, 123, 137], "summary": {"covered_lines": 14, "num_statements": 14, "percent_covered": 100.0, "percent_covered_display": "100", "missing_lines": 0, "excluded_lines": 0}, "missing_lines": [], "excluded_lines": []}}}, "03-development/src/models.py": {"executed_lines": [1, 19, 21, 23, 26, 27, 32, 33, 34, 35, 36, 38, 39, 40, 47, 48, 53, 54, 55, 58], "summary": {"covered_lines": 17, "num_statements": 20, "percent_covered": 85.0, "percent_covered_display": "85", "missing_lines": 3, "excluded_lines": 0}, "missing_lines": [42, 43, 44], "excluded_lines": [], "functions": {"SpeechRequest.input_not_blank": {"executed_lines": [], "summary": {"covered_lines": 0, "num_statements": 3, "percent_covered": 0.0, "percent_covered_display": "0", "missing_lines": 3, "excluded_lines": 0}, "missing_lines": [42, 43, 44], "excluded_lines": []}, "": {"executed_lines": [1, 19, 21, 23, 26, 27, 32, 33, 34, 35, 36, 38, 39, 40, 47, 48, 53, 54, 55, 58], "summary": {"covered_lines": 17, "num_statements": 17, "percent_covered": 100.0, "percent_covered_display": "100", "missing_lines": 0, "excluded_lines": 0}, "missing_lines": [], "excluded_lines": []}}, "classes": {"SpeechRequest": {"executed_lines": [], "summary": {"covered_lines": 0, "num_statements": 3, "percent_covered": 0.0, "percent_covered_display": "0", "missing_lines": 3, "excluded_lines": 0}, "missing_lines": [42, 43, 44], "excluded_lines": []}, "SpeechResponse": {"executed_lines": [], "summary": {"covered_lines": 0, "num_statements": 0, "percent_covered": 100.0, "percent_covered_display": "100", "missing_lines": 0, "excluded_lines": 0}, "missing_lines": [], "excluded_lines": []}, "": {"executed_lines": [1, 19, 21, 23, 26, 27, 32, 33, 34, 35, 36, 38, 39, 40, 47, 48, 53, 54, 55, 58], "summary": {"covered_lines": 17, "num_statements": 17, "percent_covered": 100.0, "percent_covered_display": "100", "missing_lines": 0, "excluded_lines": 0}, "missing_lines": [], "excluded_lines": []}}}, "03-development/src/routers/health.py": {"executed_lines": [1, 11, 13, 15, 17, 22, 25, 26, 38, 39], "summary": {"covered_lines": 9, "num_statements": 12, "percent_covered": 75.0, "percent_covered_display": "75", "missing_lines": 3, "excluded_lines": 0}, "missing_lines": [28, 41, 42], "excluded_lines": [], "functions": {"get_circuit_state": {"executed_lines": [], "summary": {"covered_lines": 0, "num_statements": 1, "percent_covered": 0.0, "percent_covered_display": "0", "missing_lines": 1, "excluded_lines": 0}, "missing_lines": [28], "excluded_lines": []}, "post_circuit_reset": {"executed_lines": [], "summary": {"covered_lines": 0, "num_statements": 2, "percent_covered": 0.0, "percent_covered_display": "0", "missing_lines": 2, "excluded_lines": 0}, "missing_lines": [41, 42], "excluded_lines": []}, "": {"executed_lines": [1, 11, 13, 15, 17, 22, 25, 26, 38, 39], "summary": {"covered_lines": 9, "num_statements": 9, "percent_covered": 100.0, "percent_covered_display": "100", "missing_lines": 0, "excluded_lines": 0}, "missing_lines": [], "excluded_lines": []}}, "classes": {"": {"executed_lines": [1, 11, 13, 15, 17, 22, 25, 26, 38, 39], "summary": {"covered_lines": 9, "num_statements": 12, "percent_covered": 75.0, "percent_covered_display": "75", "missing_lines": 3, "excluded_lines": 0}, "missing_lines": [28, 41, 42], "excluded_lines": []}}}, "03-development/src/routers/speech.py": {"executed_lines": [1, 18, 20, 22, 23, 25, 26, 27, 28, 29, 30, 32, 34, 36, 39, 40], "summary": {"covered_lines": 15, "num_statements": 39, "percent_covered": 38.46153846153846, "percent_covered_display": "38", "missing_lines": 24, "excluded_lines": 0}, "missing_lines": [45, 46, 47, 49, 50, 51, 53, 55, 56, 58, 59, 60, 61, 64, 65, 66, 70, 71, 72, 73, 74, 75, 79, 80], "excluded_lines": [], "functions": {"post_speech": {"executed_lines": [], "summary": {"covered_lines": 0, "num_statements": 23, "percent_covered": 0.0, "percent_covered_display": "0", "missing_lines": 23, "excluded_lines": 0}, "missing_lines": [45, 46, 47, 49, 50, 51, 53, 55, 58, 59, 60, 61, 64, 65, 66, 70, 71, 72, 73, 74, 75, 79, 80], "excluded_lines": []}, "post_speech._synthesize": {"executed_lines": [], "summary": {"covered_lines": 0, "num_statements": 1, "percent_covered": 0.0, "percent_covered_display": "0", "missing_lines": 1, "excluded_lines": 0}, "missing_lines": [56], "excluded_lines": []}, "": {"executed_lines": [1, 18, 20, 22, 23, 25, 26, 27, 28, 29, 30, 32, 34, 36, 39, 40], "summary": {"covered_lines": 15, "num_statements": 15, "percent_covered": 100.0, "percent_covered_display": "100", "missing_lines": 0, "excluded_lines": 0}, "missing_lines": [], "excluded_lines": []}}, "classes": {"": {"executed_lines": [1, 18, 20, 22, 23, 25, 26, 27, 28, 29, 30, 32, 34, 36, 39, 40], "summary": {"covered_lines": 15, "num_statements": 39, "percent_covered": 38.46153846153846, "percent_covered_display": "38", "missing_lines": 24, "excluded_lines": 0}, "missing_lines": [45, 46, 47, 49, 50, 51, 53, 55, 56, 58, 59, 60, 61, 64, 65, 66, 70, 71, 72, 73, 74, 75, 79, 80], "excluded_lines": []}}}}, "totals": {"covered_lines": 182, "num_statements": 506, "percent_covered": 35.96837944664031, "percent_covered_display": "36", "missing_lines": 324, "excluded_lines": 28}}